Unity Editor version:    2021.3.14f1 (eee1884e7226)
Branch:                  2021.3/staging
Build type:              Release
Batch mode:              YES
macOS version:           Version 12.6 (Build 21G115)
Darwin version:          21.6.0
Architecture:            x86_64
Running under Rosetta:   NO
Available memory:        8192 MB
Using pre-set license
Pro License: YES

COMMAND LINE ARGUMENTS:
/Applications/Unity/Hub/Editor/2021.3.14f1/Unity.app/Contents/MacOS/Unity
-adb2
-batchMode
-noUpm
-name
AssetImportWorker0
-projectPath
/Users/m/Backups/Escape-plan
-logFile
Logs/AssetImportWorker0.log
-srvPort
52178
Successfully changed project path to: /Users/m/Backups/Escape-plan
/Users/m/Backups/Escape-plan
[UnityMemory] Configuration Parameters - Can be set up in boot.config
    "memorysetup-bucket-allocator-granularity=16"
    "memorysetup-bucket-allocator-bucket-count=8"
    "memorysetup-bucket-allocator-block-size=33554432"
    "memorysetup-bucket-allocator-block-count=8"
    "memorysetup-main-allocator-block-size=16777216"
    "memorysetup-thread-allocator-block-size=16777216"
    "memorysetup-gfx-main-allocator-block-size=16777216"
    "memorysetup-gfx-thread-allocator-block-size=16777216"
    "memorysetup-cache-allocator-block-size=4194304"
    "memorysetup-typetree-allocator-block-size=2097152"
    "memorysetup-profiler-bucket-allocator-granularity=16"
    "memorysetup-profiler-bucket-allocator-bucket-count=8"
    "memorysetup-profiler-bucket-allocator-block-size=33554432"
    "memorysetup-profiler-bucket-allocator-block-count=8"
    "memorysetup-profiler-allocator-block-size=16777216"
    "memorysetup-profiler-editor-allocator-block-size=1048576"
    "memorysetup-temp-allocator-size-main=16777216"
    "memorysetup-job-temp-allocator-block-size=2097152"
    "memorysetup-job-temp-allocator-block-size-background=1048576"
    "memorysetup-job-temp-allocator-reduction-small-platforms=262144"
    "memorysetup-temp-allocator-size-background-worker=32768"
    "memorysetup-temp-allocator-size-job-worker=262144"
    "memorysetup-temp-allocator-size-preload-manager=33554432"
    "memorysetup-temp-allocator-size-nav-mesh-worker=65536"
    "memorysetup-temp-allocator-size-audio-worker=65536"
    "memorysetup-temp-allocator-size-cloud-worker=32768"
    "memorysetup-temp-allocator-size-gi-baking-worker=262144"
    "memorysetup-temp-allocator-size-gfx=262144"
Refreshing native plugins compatible for Editor in 145.68 ms, found 3 plugins.
Preloading 0 native plugins for Editor in 0.00 ms.
Initialize engine version: 2021.3.14f1 (eee1884e7226)
[Subsystems] Discovering subsystems at path /Applications/Unity/Hub/Editor/2021.3.14f1/Unity.app/Contents/Resources/UnitySubsystems
[Subsystems] Discovering subsystems at path /Users/m/Backups/Escape-plan/Assets
GfxDevice: creating device client; threaded=0; jobified=0
Color LCD preferred device: Intel(R) Iris(TM) Plus Graphics 655 (low power)
Metal devices available: 1
0: Intel(R) Iris(TM) Plus Graphics 655 (low power)
Using device Intel(R) Iris(TM) Plus Graphics 655 (low power)
Initializing Metal device caps: Intel(R) Iris(TM) Plus Graphics 655
Initialize mono
Mono path[0] = '/Applications/Unity/Hub/Editor/2021.3.14f1/Unity.app/Contents/Managed'
Mono path[1] = '/Applications/Unity/Hub/Editor/2021.3.14f1/Unity.app/Contents/MonoBleedingEdge/lib/mono/unityjit-macos'
Mono config path = '/Applications/Unity/Hub/Editor/2021.3.14f1/Unity.app/Contents/MonoBleedingEdge/etc'
Using monoOptions --debugger-agent=transport=dt_socket,embedding=1,server=y,suspend=n,address=127.0.0.1:56991
Begin MonoManager ReloadAssembly
Registering precompiled unity dll's ...
Register platform support module: /Applications/Unity/Hub/Editor/2021.3.14f1/PlaybackEngines/WebGLSupport/UnityEditor.WebGL.Extensions.dll
Register platform support module: /Applications/Unity/Hub/Editor/2021.3.14f1/Unity.app/Contents/PlaybackEngines/MacStandaloneSupport/UnityEditor.OSXStandalone.Extensions.dll
Register platform support module: /Applications/Unity/Hub/Editor/2021.3.14f1/PlaybackEngines/AndroidPlayer/UnityEditor.Android.Extensions.dll
Register platform support module: /Applications/Unity/Hub/Editor/2021.3.14f1/PlaybackEngines/iOSSupport/UnityEditor.iOS.Extensions.dll
Register platform support module: /Applications/Unity/Hub/Editor/2021.3.14f1/PlaybackEngines/AppleTVSupport/UnityEditor.AppleTV.Extensions.dll
Register platform support module: /Applications/Unity/Hub/Editor/2021.3.14f1/PlaybackEngines/WindowsStandaloneSupport/UnityEditor.WindowsStandalone.Extensions.dll
Registered in 0.007568 seconds.
Native extension for WindowsStandalone target not found
[usbmuxd] Start listen thread
[usbmuxd] Listen thread started
[usbmuxd] Send listen message
Native extension for AppleTV target not found
Native extension for iOS target not found
Native extension for Android target not found
Native extension for OSXStandalone target not found
Native extension for WebGL target not found
Refreshing native plugins compatible for Editor in 152.52 ms, found 3 plugins.
Preloading 0 native plugins for Editor in 0.00 ms.
Mono: successfully reloaded assembly
- Completed reload, in  1.073 seconds
Domain Reload Profiling:
	ReloadAssembly (1073ms)
		BeginReloadAssembly (164ms)
			ExecutionOrderSort (0ms)
			DisableScriptedObjects (0ms)
			BackupInstance (0ms)
			ReleaseScriptingObjects (0ms)
			CreateAndSetChildDomain (1ms)
		EndReloadAssembly (755ms)
			LoadAssemblies (171ms)
			RebuildTransferFunctionScriptingTraits (0ms)
			SetupTypeCache (183ms)
			ReleaseScriptCaches (0ms)
			RebuildScriptCaches (45ms)
			SetupLoadedEditorAssemblies (455ms)
				LogAssemblyErrors (0ms)
				InitializePlatformSupportModulesInManaged (115ms)
				SetLoadedEditorAssemblies (0ms)
				RefreshPlugins (153ms)
				BeforeProcessingInitializeOnLoad (2ms)
				ProcessInitializeOnLoadAttributes (126ms)
				ProcessInitializeOnLoadMethodAttributes (59ms)
				AfterProcessingInitializeOnLoad (0ms)
				EditorAssembliesLoaded (0ms)
			ExecutionOrderSort2 (0ms)
			AwakeInstancesAfterBackupRestoration (0ms)
Platform modules already initialized, skipping
Registering precompiled user dll's ...
Registered in 0.020487 seconds.
Begin MonoManager ReloadAssembly
Symbol file LoadedFromMemory doesn't match image /Users/m/Backups/Escape-plan/Library/PackageCache/com.unity.visualscripting@1.7.8/Editor/VisualScripting.Core/Dependencies/YamlDotNet/Unity.VisualScripting.YamlDotNet.dll
Symbol file LoadedFromMemory doesn't match image /Users/m/Backups/Escape-plan/Library/PackageCache/com.unity.visualscripting@1.7.8/Editor/VisualScripting.Core/Dependencies/DotNetZip/Unity.VisualScripting.IonicZip.dll
Native extension for WindowsStandalone target not found
Native extension for AppleTV target not found
Native extension for iOS target not found
Native extension for Android target not found
Native extension for OSXStandalone target not found
Native extension for WebGL target not found
Refreshing native plugins compatible for Editor in 159.01 ms, found 3 plugins.
Preloading 0 native plugins for Editor in 0.00 ms.
Mono: successfully reloaded assembly
- Completed reload, in  2.311 seconds
Domain Reload Profiling:
	ReloadAssembly (2312ms)
		BeginReloadAssembly (274ms)
			ExecutionOrderSort (0ms)
			DisableScriptedObjects (9ms)
			BackupInstance (0ms)
			ReleaseScriptingObjects (0ms)
			CreateAndSetChildDomain (156ms)
		EndReloadAssembly (1851ms)
			LoadAssemblies (169ms)
			RebuildTransferFunctionScriptingTraits (1ms)
			SetupTypeCache (503ms)
			ReleaseScriptCaches (7ms)
			RebuildScriptCaches (108ms)
			SetupLoadedEditorAssemblies (971ms)
				LogAssemblyErrors (0ms)
				InitializePlatformSupportModulesInManaged (44ms)
				SetLoadedEditorAssemblies (0ms)
				RefreshPlugins (159ms)
				BeforeProcessingInitializeOnLoad (144ms)
				ProcessInitializeOnLoadAttributes (556ms)
				ProcessInitializeOnLoadMethodAttributes (65ms)
				AfterProcessingInitializeOnLoad (2ms)
				EditorAssembliesLoaded (0ms)
			ExecutionOrderSort2 (0ms)
			AwakeInstancesAfterBackupRestoration (6ms)
Platform modules already initialized, skipping
========================================================================
Worker process is ready to serve import requests
Launching external process: /Applications/Unity/Hub/Editor/2021.3.14f1/Unity.app/Contents/Tools/UnityShaderCompiler
Launched and connected shader compiler UnityShaderCompiler after 0.08 seconds
Refreshing native plugins compatible for Editor in 0.98 ms, found 3 plugins.
Preloading 0 native plugins for Editor in 0.00 ms.
Unloading 4568 Unused Serialized files (Serialized files now loaded: 0)
Unloading 54 unused Assets / (118.8 KB). Loaded Objects now: 5029.
Memory consumption went from 293.8 MB to 293.7 MB.
Total: 5.837229 ms (FindLiveObjects: 0.487467 ms CreateObjectMapping: 0.367928 ms MarkObjects: 4.805055 ms  DeleteObjects: 0.175324 ms)

AssetImportParameters requested are different than current active one (requested -> active):
  custom:video-decoder-ogg-theora: a1e56fd34408186e4bbccfd4996cb3dc -> 
  custom:container-muxer-webm: aa71ff27fc2769a1b78a27578f13a17b -> 
  custom:container-demuxer-webm: 4f35f7cbe854078d1ac9338744f61a02 -> 
  custom:video-encoder-webm-vp8: eb34c28f22e8b96e1ab97ce403110664 -> 
  custom:framework-osx-AVFoundation: e770b220cccbd017edd2c1fefb359320 -> 
  custom:audio-encoder-webm-vorbis: bf7c407c2cedff20999df2af8eb42d56 -> 
  custom:container-demuxer-ogg: 62fdf1f143b41e24485cea50d1cbac27 -> 
  custom:video-decoder-webm-vp8: 9c59270c3fd7afecdb556c50c9e8de78 -> 
  custom:audio-decoder-ogg-vorbis: bf7c407c2cedff20999df2af8eb42d56 -> 
========================================================================
Received Prepare
Registering precompiled user dll's ...
Registered in 0.002958 seconds.
Begin MonoManager ReloadAssembly
Symbol file LoadedFromMemory doesn't match image /Users/m/Backups/Escape-plan/Library/PackageCache/com.unity.visualscripting@1.7.8/Editor/VisualScripting.Core/Dependencies/YamlDotNet/Unity.VisualScripting.YamlDotNet.dll
Symbol file LoadedFromMemory doesn't match image /Users/m/Backups/Escape-plan/Library/PackageCache/com.unity.visualscripting@1.7.8/Editor/VisualScripting.Core/Dependencies/DotNetZip/Unity.VisualScripting.IonicZip.dll
Native extension for WindowsStandalone target not found
Native extension for AppleTV target not found
Native extension for iOS target not found
Native extension for Android target not found
Native extension for OSXStandalone target not found
Native extension for WebGL target not found
Refreshing native plugins compatible for Editor in 1.40 ms, found 3 plugins.
Preloading 0 native plugins for Editor in 0.00 ms.
Mono: successfully reloaded assembly
- Completed reload, in  1.966 seconds
Domain Reload Profiling:
	ReloadAssembly (1967ms)
		BeginReloadAssembly (185ms)
			ExecutionOrderSort (0ms)
			DisableScriptedObjects (9ms)
			BackupInstance (0ms)
			ReleaseScriptingObjects (0ms)
			CreateAndSetChildDomain (85ms)
		EndReloadAssembly (1638ms)
			LoadAssemblies (93ms)
			RebuildTransferFunctionScriptingTraits (0ms)
			SetupTypeCache (526ms)
			ReleaseScriptCaches (2ms)
			RebuildScriptCaches (103ms)
			SetupLoadedEditorAssemblies (788ms)
				LogAssemblyErrors (0ms)
				InitializePlatformSupportModulesInManaged (54ms)
				SetLoadedEditorAssemblies (1ms)
				RefreshPlugins (1ms)
				BeforeProcessingInitializeOnLoad (102ms)
				ProcessInitializeOnLoadAttributes (553ms)
				ProcessInitializeOnLoadMethodAttributes (73ms)
				AfterProcessingInitializeOnLoad (2ms)
				EditorAssembliesLoaded (0ms)
			ExecutionOrderSort2 (0ms)
			AwakeInstancesAfterBackupRestoration (13ms)
Platform modules already initialized, skipping
Refreshing native plugins compatible for Editor in 3.29 ms, found 3 plugins.
Preloading 0 native plugins for Editor in 0.00 ms.
Unloading 4543 Unused Serialized files (Serialized files now loaded: 0)
Unloading 27 unused Assets / (94.9 KB). Loaded Objects now: 5044.
Memory consumption went from 294.7 MB to 294.6 MB.
Total: 5.813647 ms (FindLiveObjects: 0.509732 ms CreateObjectMapping: 0.374496 ms MarkObjects: 4.841076 ms  DeleteObjects: 0.087094 ms)

AssetImportParameters requested are different than current active one (requested -> active):
  custom:video-decoder-ogg-theora: a1e56fd34408186e4bbccfd4996cb3dc -> 
  custom:container-muxer-webm: aa71ff27fc2769a1b78a27578f13a17b -> 
  custom:container-demuxer-webm: 4f35f7cbe854078d1ac9338744f61a02 -> 
  custom:video-encoder-webm-vp8: eb34c28f22e8b96e1ab97ce403110664 -> 
  custom:framework-osx-AVFoundation: e770b220cccbd017edd2c1fefb359320 -> 
  custom:audio-encoder-webm-vorbis: bf7c407c2cedff20999df2af8eb42d56 -> 
  custom:container-demuxer-ogg: 62fdf1f143b41e24485cea50d1cbac27 -> 
  custom:video-decoder-webm-vp8: 9c59270c3fd7afecdb556c50c9e8de78 -> 
  custom:audio-decoder-ogg-vorbis: bf7c407c2cedff20999df2af8eb42d56 -> 
========================================================================
Received Import Request.
  Time since last request: 627245.796334 seconds.
  path: Assets/Scenes/Level 1.unity
  artifactKey: Guid(7c89202d78efc40babc091713698a4ef) Importer(815301076,1909f56bfc062723c751e8b465ee728b)
Start importing Assets/Scenes/Level 1.unity using Guid(7c89202d78efc40babc091713698a4ef) Importer(815301076,1909f56bfc062723c751e8b465ee728b)  -> (artifact id: '355c8b7e6faae9df532a0cf4cb5e1e4d') in 0.231770 seconds 
========================================================================
Received Prepare
Registering precompiled user dll's ...
Registered in 0.002747 seconds.
Begin MonoManager ReloadAssembly
Symbol file LoadedFromMemory doesn't match image /Users/m/Backups/Escape-plan/Library/PackageCache/com.unity.visualscripting@1.7.8/Editor/VisualScripting.Core/Dependencies/YamlDotNet/Unity.VisualScripting.YamlDotNet.dll
Symbol file LoadedFromMemory doesn't match image /Users/m/Backups/Escape-plan/Library/PackageCache/com.unity.visualscripting@1.7.8/Editor/VisualScripting.Core/Dependencies/DotNetZip/Unity.VisualScripting.IonicZip.dll
Native extension for WindowsStandalone target not found
Native extension for AppleTV target not found
Native extension for iOS target not found
Native extension for Android target not found
Native extension for OSXStandalone target not found
Native extension for WebGL target not found
Refreshing native plugins compatible for Editor in 1.07 ms, found 3 plugins.
Preloading 0 native plugins for Editor in 0.00 ms.
Mono: successfully reloaded assembly
- Completed reload, in  2.038 seconds
Domain Reload Profiling:
	ReloadAssembly (2039ms)
		BeginReloadAssembly (409ms)
			ExecutionOrderSort (0ms)
			DisableScriptedObjects (23ms)
			BackupInstance (0ms)
			ReleaseScriptingObjects (0ms)
			CreateAndSetChildDomain (220ms)
		EndReloadAssembly (1465ms)
			LoadAssemblies (151ms)
			RebuildTransferFunctionScriptingTraits (0ms)
			SetupTypeCache (509ms)
			ReleaseScriptCaches (2ms)
			RebuildScriptCaches (90ms)
			SetupLoadedEditorAssemblies (664ms)
				LogAssemblyErrors (0ms)
				InitializePlatformSupportModulesInManaged (50ms)
				SetLoadedEditorAssemblies (1ms)
				RefreshPlugins (1ms)
				BeforeProcessingInitializeOnLoad (86ms)
				ProcessInitializeOnLoadAttributes (472ms)
				ProcessInitializeOnLoadMethodAttributes (52ms)
				AfterProcessingInitializeOnLoad (1ms)
				EditorAssembliesLoaded (0ms)
			ExecutionOrderSort2 (0ms)
			AwakeInstancesAfterBackupRestoration (10ms)
Platform modules already initialized, skipping
Refreshing native plugins compatible for Editor in 2.38 ms, found 3 plugins.
Preloading 0 native plugins for Editor in 0.00 ms.
Unloading 4543 Unused Serialized files (Serialized files now loaded: 0)
Unloading 27 unused Assets / (94.5 KB). Loaded Objects now: 5059.
Memory consumption went from 295.1 MB to 295.0 MB.
Total: 5.694794 ms (FindLiveObjects: 0.559080 ms CreateObjectMapping: 0.528579 ms MarkObjects: 4.436528 ms  DeleteObjects: 0.168535 ms)

AssetImportParameters requested are different than current active one (requested -> active):
  custom:video-decoder-ogg-theora: a1e56fd34408186e4bbccfd4996cb3dc -> 
  custom:container-muxer-webm: aa71ff27fc2769a1b78a27578f13a17b -> 
  custom:container-demuxer-webm: 4f35f7cbe854078d1ac9338744f61a02 -> 
  custom:video-encoder-webm-vp8: eb34c28f22e8b96e1ab97ce403110664 -> 
  custom:framework-osx-AVFoundation: e770b220cccbd017edd2c1fefb359320 -> 
  custom:audio-encoder-webm-vorbis: bf7c407c2cedff20999df2af8eb42d56 -> 
  custom:container-demuxer-ogg: 62fdf1f143b41e24485cea50d1cbac27 -> 
  custom:video-decoder-webm-vp8: 9c59270c3fd7afecdb556c50c9e8de78 -> 
  custom:audio-decoder-ogg-vorbis: bf7c407c2cedff20999df2af8eb42d56 -> 
========================================================================
Received Prepare
Registering precompiled user dll's ...
Registered in 0.003185 seconds.
Begin MonoManager ReloadAssembly
Symbol file LoadedFromMemory doesn't match image /Users/m/Backups/Escape-plan/Library/PackageCache/com.unity.visualscripting@1.7.8/Editor/VisualScripting.Core/Dependencies/YamlDotNet/Unity.VisualScripting.YamlDotNet.dll
Symbol file LoadedFromMemory doesn't match image /Users/m/Backups/Escape-plan/Library/PackageCache/com.unity.visualscripting@1.7.8/Editor/VisualScripting.Core/Dependencies/DotNetZip/Unity.VisualScripting.IonicZip.dll
Native extension for WindowsStandalone target not found
Native extension for AppleTV target not found
Native extension for iOS target not found
Native extension for Android target not found
Native extension for OSXStandalone target not found
Native extension for WebGL target not found
Refreshing native plugins compatible for Editor in 1.56 ms, found 3 plugins.
Preloading 0 native plugins for Editor in 0.00 ms.
Mono: successfully reloaded assembly
- Completed reload, in  2.282 seconds
Domain Reload Profiling:
	ReloadAssembly (2285ms)
		BeginReloadAssembly (442ms)
			ExecutionOrderSort (0ms)
			DisableScriptedObjects (35ms)
			BackupInstance (0ms)
			ReleaseScriptingObjects (0ms)
			CreateAndSetChildDomain (227ms)
		EndReloadAssembly (1664ms)
			LoadAssemblies (152ms)
			RebuildTransferFunctionScriptingTraits (0ms)
			SetupTypeCache (592ms)
			ReleaseScriptCaches (2ms)
			RebuildScriptCaches (108ms)
			SetupLoadedEditorAssemblies (736ms)
				LogAssemblyErrors (0ms)
				InitializePlatformSupportModulesInManaged (61ms)
				SetLoadedEditorAssemblies (1ms)
				RefreshPlugins (2ms)
				BeforeProcessingInitializeOnLoad (97ms)
				ProcessInitializeOnLoadAttributes (513ms)
				ProcessInitializeOnLoadMethodAttributes (61ms)
				AfterProcessingInitializeOnLoad (1ms)
				EditorAssembliesLoaded (0ms)
			ExecutionOrderSort2 (0ms)
			AwakeInstancesAfterBackupRestoration (10ms)
Platform modules already initialized, skipping
Refreshing native plugins compatible for Editor in 2.65 ms, found 3 plugins.
Preloading 0 native plugins for Editor in 0.00 ms.
Unloading 4543 Unused Serialized files (Serialized files now loaded: 0)
Unloading 27 unused Assets / (94.5 KB). Loaded Objects now: 5074.
Memory consumption went from 295.3 MB to 295.2 MB.
Total: 6.846270 ms (FindLiveObjects: 0.488866 ms CreateObjectMapping: 0.491702 ms MarkObjects: 5.485396 ms  DeleteObjects: 0.379131 ms)

AssetImportParameters requested are different than current active one (requested -> active):
  custom:video-decoder-ogg-theora: a1e56fd34408186e4bbccfd4996cb3dc -> 
  custom:container-muxer-webm: aa71ff27fc2769a1b78a27578f13a17b -> 
  custom:container-demuxer-webm: 4f35f7cbe854078d1ac9338744f61a02 -> 
  custom:video-encoder-webm-vp8: eb34c28f22e8b96e1ab97ce403110664 -> 
  custom:framework-osx-AVFoundation: e770b220cccbd017edd2c1fefb359320 -> 
  custom:audio-encoder-webm-vorbis: bf7c407c2cedff20999df2af8eb42d56 -> 
  custom:container-demuxer-ogg: 62fdf1f143b41e24485cea50d1cbac27 -> 
  custom:video-decoder-webm-vp8: 9c59270c3fd7afecdb556c50c9e8de78 -> 
  custom:audio-decoder-ogg-vorbis: bf7c407c2cedff20999df2af8eb42d56 -> 
========================================================================
Received Import Request.
  Time since last request: 813.753042 seconds.
  path: Assets/Nature_pixel_art_assets/Nature_tiles_01/nature_environment_01_0.asset
  artifactKey: Guid(ec21ed33cdc49584cbfdc700b4a6a509) Importer(815301076,1909f56bfc062723c751e8b465ee728b)
Start importing Assets/Nature_pixel_art_assets/Nature_tiles_01/nature_environment_01_0.asset using Guid(ec21ed33cdc49584cbfdc700b4a6a509) Importer(815301076,1909f56bfc062723c751e8b465ee728b)  -> (artifact id: 'b19e22814b74b0ee647ff7ccc7bbd095') in 0.316824 seconds 
========================================================================
Received Import Request.
  Time since last request: 0.000073 seconds.
  path: Assets/Nature_pixel_art_assets/Nature_tiles_01/nature_environment_01_2.asset
  artifactKey: Guid(9ea4d1f38d1648348aac4c7be6c6fdad) Importer(815301076,1909f56bfc062723c751e8b465ee728b)
Start importing Assets/Nature_pixel_art_assets/Nature_tiles_01/nature_environment_01_2.asset using Guid(9ea4d1f38d1648348aac4c7be6c6fdad) Importer(815301076,1909f56bfc062723c751e8b465ee728b)  -> (artifact id: '897d576fce85365baa7ec9d3f0bd6885') in 0.016827 seconds 
========================================================================
Received Import Request.
  Time since last request: 0.000068 seconds.
  path: Assets/Nature_pixel_art_assets/Nature_tiles_01/nature_environment_01_6.asset
  artifactKey: Guid(e74c3baec492aa2438f762ec6c7c0072) Importer(815301076,1909f56bfc062723c751e8b465ee728b)
Start importing Assets/Nature_pixel_art_assets/Nature_tiles_01/nature_environment_01_6.asset using Guid(e74c3baec492aa2438f762ec6c7c0072) Importer(815301076,1909f56bfc062723c751e8b465ee728b)  -> (artifact id: '8cd3c816c75b9dfd75b464943e0138d0') in 0.011932 seconds 
========================================================================
Received Import Request.
  Time since last request: 0.000079 seconds.
  path: Assets/Nature_pixel_art_assets/Nature_tiles_01/nature_environment_01_11.asset
  artifactKey: Guid(79c7897d6a38c0544a829f8437aa9f0f) Importer(815301076,1909f56bfc062723c751e8b465ee728b)
Start importing Assets/Nature_pixel_art_assets/Nature_tiles_01/nature_environment_01_11.asset using Guid(79c7897d6a38c0544a829f8437aa9f0f) Importer(815301076,1909f56bfc062723c751e8b465ee728b)  -> (artifact id: '425c9bb78f7b01c2f384699c5477a85c') in 0.012524 seconds 
========================================================================
Received Import Request.
  Time since last request: 0.000099 seconds.
  path: Assets/Nature_pixel_art_assets/Nature_tiles_01/nature_environment_01_10.asset
  artifactKey: Guid(cbe3998d4d0509d40bbad333e66f6646) Importer(815301076,1909f56bfc062723c751e8b465ee728b)
Start importing Assets/Nature_pixel_art_assets/Nature_tiles_01/nature_environment_01_10.asset using Guid(cbe3998d4d0509d40bbad333e66f6646) Importer(815301076,1909f56bfc062723c751e8b465ee728b)  -> (artifact id: '6a75107ea34c57fa3aa0d316f5357543') in 0.008379 seconds 
========================================================================
Received Import Request.
  Time since last request: 0.000066 seconds.
  path: Assets/Nature_pixel_art_assets/Nature_tiles_01/nature_environment_01_7.asset
  artifactKey: Guid(d2f43fb3ea3302849bb80e0affd927a7) Importer(815301076,1909f56bfc062723c751e8b465ee728b)
Start importing Assets/Nature_pixel_art_assets/Nature_tiles_01/nature_environment_01_7.asset using Guid(d2f43fb3ea3302849bb80e0affd927a7) Importer(815301076,1909f56bfc062723c751e8b465ee728b)  -> (artifact id: 'df474d47063226a0c12dfb2d3c5e32a7') in 0.013304 seconds 
========================================================================
Received Import Request.
  Time since last request: 6.953919 seconds.
  path: Assets/Nature_pixel_art_assets/Nature_tiles_01/nature_environment_01_13.asset
  artifactKey: Guid(35778d0f47fa3b04db869da7e2cd3e6d) Importer(815301076,1909f56bfc062723c751e8b465ee728b)
Start importing Assets/Nature_pixel_art_assets/Nature_tiles_01/nature_environment_01_13.asset using Guid(35778d0f47fa3b04db869da7e2cd3e6d) Importer(815301076,1909f56bfc062723c751e8b465ee728b)  -> (artifact id: 'e9d58cccee53a7c006357c985829d763') in 0.011100 seconds 
========================================================================
Received Import Request.
  Time since last request: 0.000081 seconds.
  path: Assets/Nature_pixel_art_assets/Nature_tiles_01/nature_environment_01_15.asset
  artifactKey: Guid(d0485154e49df3946b8c2c9b28b2b580) Importer(815301076,1909f56bfc062723c751e8b465ee728b)
Start importing Assets/Nature_pixel_art_assets/Nature_tiles_01/nature_environment_01_15.asset using Guid(d0485154e49df3946b8c2c9b28b2b580) Importer(815301076,1909f56bfc062723c751e8b465ee728b)  -> (artifact id: '7c17c956ae99de7e91aa2664b9deab34') in 0.023671 seconds 
========================================================================
Received Import Request.
  Time since last request: 0.140325 seconds.
  path: Assets/Nature_pixel_art_assets/Nature_tiles_01/nature_environment_01_17.asset
  artifactKey: Guid(d939e9364e24b0442a063db3b1bd1057) Importer(815301076,1909f56bfc062723c751e8b465ee728b)
Start importing Assets/Nature_pixel_art_assets/Nature_tiles_01/nature_environment_01_17.asset using Guid(d939e9364e24b0442a063db3b1bd1057) Importer(815301076,1909f56bfc062723c751e8b465ee728b)  -> (artifact id: 'b0207cb4a67c21d3953807978b820ccf') in 0.009654 seconds 
========================================================================
Received Import Request.
  Time since last request: 0.000092 seconds.
  path: Assets/Nature_pixel_art_assets/Nature_tiles_01/nature_environment_01_20.asset
  artifactKey: Guid(7b5a2d31a0ae1ce4883928e9d5aa6eb2) Importer(815301076,1909f56bfc062723c751e8b465ee728b)
Start importing Assets/Nature_pixel_art_assets/Nature_tiles_01/nature_environment_01_20.asset using Guid(7b5a2d31a0ae1ce4883928e9d5aa6eb2) Importer(815301076,1909f56bfc062723c751e8b465ee728b)  -> (artifact id: '5324d0f66096625b1faab3151c352b0d') in 0.012115 seconds 
========================================================================
Received Import Request.
  Time since last request: 0.314284 seconds.
  path: Assets/Nature_pixel_art_assets/Nature_tiles_01/nature_environment_01_21.asset
  artifactKey: Guid(1ee469289045b9d429f71472649a16d6) Importer(815301076,1909f56bfc062723c751e8b465ee728b)
Start importing Assets/Nature_pixel_art_assets/Nature_tiles_01/nature_environment_01_21.asset using Guid(1ee469289045b9d429f71472649a16d6) Importer(815301076,1909f56bfc062723c751e8b465ee728b)  -> (artifact id: 'efb548a52c5b989cabf457b9bb3dfc45') in 0.008788 seconds 
========================================================================
Received Import Request.
  Time since last request: 0.000134 seconds.
  path: Assets/Nature_pixel_art_assets/Nature_tiles_01/nature_environment_01_24.asset
  artifactKey: Guid(f580e8ca563a1424b9277f875e0d2f80) Importer(815301076,1909f56bfc062723c751e8b465ee728b)
Start importing Assets/Nature_pixel_art_assets/Nature_tiles_01/nature_environment_01_24.asset using Guid(f580e8ca563a1424b9277f875e0d2f80) Importer(815301076,1909f56bfc062723c751e8b465ee728b)  -> (artifact id: '0cd53cc5890b82fffcc5e4283d724c7c') in 0.013091 seconds 
========================================================================
Received Import Request.
  Time since last request: 0.953286 seconds.
  path: Assets/Nature_pixel_art_assets/Nature_tiles_01/nature_environment_01_25.asset
  artifactKey: Guid(de00cdaa350b69543a117109c5573263) Importer(815301076,1909f56bfc062723c751e8b465ee728b)
Start importing Assets/Nature_pixel_art_assets/Nature_tiles_01/nature_environment_01_25.asset using Guid(de00cdaa350b69543a117109c5573263) Importer(815301076,1909f56bfc062723c751e8b465ee728b)  -> (artifact id: 'd953ff3cbcef932fc2dea1c1f57ee720') in 0.009789 seconds 
========================================================================
Received Import Request.
  Time since last request: 0.000134 seconds.
  path: Assets/Nature_pixel_art_assets/Nature_tiles_01/nature_environment_01_27.asset
  artifactKey: Guid(1188a738561c64a4b841a0999be173b0) Importer(815301076,1909f56bfc062723c751e8b465ee728b)
Start importing Assets/Nature_pixel_art_assets/Nature_tiles_01/nature_environment_01_27.asset using Guid(1188a738561c64a4b841a0999be173b0) Importer(815301076,1909f56bfc062723c751e8b465ee728b)  -> (artifact id: '46121ad70c70f84d34cde36f0395b80a') in 0.011821 seconds 
========================================================================
Received Import Request.
  Time since last request: 0.335710 seconds.
  path: Assets/Nature_pixel_art_assets/Nature_tiles_01/nature_environment_01_29.asset
  artifactKey: Guid(4b1fecd43e2cc744e91a26c54b90d8cf) Importer(815301076,1909f56bfc062723c751e8b465ee728b)
Start importing Assets/Nature_pixel_art_assets/Nature_tiles_01/nature_environment_01_29.asset using Guid(4b1fecd43e2cc744e91a26c54b90d8cf) Importer(815301076,1909f56bfc062723c751e8b465ee728b)  -> (artifact id: 'b88662fdeeb1a6f014b9f4f4821ea10b') in 0.009621 seconds 
========================================================================
Received Import Request.
  Time since last request: 0.000073 seconds.
  path: Assets/Nature_pixel_art_assets/Nature_tiles_01/nature_environment_01_31.asset
  artifactKey: Guid(4a52573e169b6a6448cac353b784bcf8) Importer(815301076,1909f56bfc062723c751e8b465ee728b)
Start importing Assets/Nature_pixel_art_assets/Nature_tiles_01/nature_environment_01_31.asset using Guid(4a52573e169b6a6448cac353b784bcf8) Importer(815301076,1909f56bfc062723c751e8b465ee728b)  -> (artifact id: '3cc99310fb7b93053cc826363f788790') in 0.012310 seconds 
========================================================================
Received Import Request.
  Time since last request: 0.150027 seconds.
  path: Assets/Nature_pixel_art_assets/Nature_tiles_01/nature_environment_01_33.asset
  artifactKey: Guid(172d08bcb53dccf42bb2c64bbb58474b) Importer(815301076,1909f56bfc062723c751e8b465ee728b)
Start importing Assets/Nature_pixel_art_assets/Nature_tiles_01/nature_environment_01_33.asset using Guid(172d08bcb53dccf42bb2c64bbb58474b) Importer(815301076,1909f56bfc062723c751e8b465ee728b)  -> (artifact id: 'dd5f18e323fb8988192049937e102a15') in 0.009908 seconds 
========================================================================
Received Import Request.
  Time since last request: 0.000123 seconds.
  path: Assets/Nature_pixel_art_assets/Nature_tiles_01/nature_environment_01_35.asset
  artifactKey: Guid(53d36402410e9424483884e2d7dacbd6) Importer(815301076,1909f56bfc062723c751e8b465ee728b)
Start importing Assets/Nature_pixel_art_assets/Nature_tiles_01/nature_environment_01_35.asset using Guid(53d36402410e9424483884e2d7dacbd6) Importer(815301076,1909f56bfc062723c751e8b465ee728b)  -> (artifact id: '78502f315e3ab02f75fc335ef6a8b31c') in 0.011025 seconds 
========================================================================
Received Import Request.
  Time since last request: 0.969723 seconds.
  path: Assets/Nature_pixel_art_assets/Nature_tiles_01/nature_environment_01_37.asset
  artifactKey: Guid(d105ef3629de8b2469b1b4815ca5fbfa) Importer(815301076,1909f56bfc062723c751e8b465ee728b)
Start importing Assets/Nature_pixel_art_assets/Nature_tiles_01/nature_environment_01_37.asset using Guid(d105ef3629de8b2469b1b4815ca5fbfa) Importer(815301076,1909f56bfc062723c751e8b465ee728b)  -> (artifact id: 'eb22ca830532d54fc291f5e327cbb955') in 0.008945 seconds 
========================================================================
Received Import Request.
  Time since last request: 0.000088 seconds.
  path: Assets/Nature_pixel_art_assets/Nature_tiles_01/nature_environment_01_39.asset
  artifactKey: Guid(570068a36440d9843bdbbab8b5a35f0d) Importer(815301076,1909f56bfc062723c751e8b465ee728b)
Start importing Assets/Nature_pixel_art_assets/Nature_tiles_01/nature_environment_01_39.asset using Guid(570068a36440d9843bdbbab8b5a35f0d) Importer(815301076,1909f56bfc062723c751e8b465ee728b)  -> (artifact id: 'ab085e4c4cdd0253012516c3bbe92621') in 0.010955 seconds 
========================================================================
Received Import Request.
  Time since last request: 0.146834 seconds.
  path: Assets/Nature_pixel_art_assets/Nature_tiles_01/nature_environment_01_41.asset
  artifactKey: Guid(c625b644a4ef6c3489c691b564bd73e3) Importer(815301076,1909f56bfc062723c751e8b465ee728b)
Start importing Assets/Nature_pixel_art_assets/Nature_tiles_01/nature_environment_01_41.asset using Guid(c625b644a4ef6c3489c691b564bd73e3) Importer(815301076,1909f56bfc062723c751e8b465ee728b)  -> (artifact id: 'fc72ce5d53df50553e8d9c75b2210111') in 0.008307 seconds 
========================================================================
Received Import Request.
  Time since last request: 0.000098 seconds.
  path: Assets/Nature_pixel_art_assets/Nature_tiles_01/nature_environment_01_44.asset
  artifactKey: Guid(e7107401309ba754e8dfeffd3a10fa0b) Importer(815301076,1909f56bfc062723c751e8b465ee728b)
Start importing Assets/Nature_pixel_art_assets/Nature_tiles_01/nature_environment_01_44.asset using Guid(e7107401309ba754e8dfeffd3a10fa0b) Importer(815301076,1909f56bfc062723c751e8b465ee728b)  -> (artifact id: 'c148570395cb986cc7cfa328fd6cc640') in 0.019613 seconds 
========================================================================
Received Import Request.
  Time since last request: 0.151616 seconds.
  path: Assets/Nature_pixel_art_assets/Nature_tiles_01/nature_environment_01_45.asset
  artifactKey: Guid(d6f348fcc415f09449722f37c91aaab9) Importer(815301076,1909f56bfc062723c751e8b465ee728b)
Start importing Assets/Nature_pixel_art_assets/Nature_tiles_01/nature_environment_01_45.asset using Guid(d6f348fcc415f09449722f37c91aaab9) Importer(815301076,1909f56bfc062723c751e8b465ee728b)  -> (artifact id: '8539cb9445879dbadde297d00c7cc3ca') in 0.008707 seconds 
========================================================================
Received Import Request.
  Time since last request: 0.000070 seconds.
  path: Assets/Nature_pixel_art_assets/Nature_tiles_01/nature_environment_01_48.asset
  artifactKey: Guid(a8b248f8091ec9a4385f9c64c5a99333) Importer(815301076,1909f56bfc062723c751e8b465ee728b)
Start importing Assets/Nature_pixel_art_assets/Nature_tiles_01/nature_environment_01_48.asset using Guid(a8b248f8091ec9a4385f9c64c5a99333) Importer(815301076,1909f56bfc062723c751e8b465ee728b)  -> (artifact id: '83bfee6772ebc88872ad9566e7e6c533') in 0.011671 seconds 
========================================================================
Received Import Request.
  Time since last request: 0.842313 seconds.
  path: Assets/Nature_pixel_art_assets/Nature_tiles_01/nature_environment_01_49.asset
  artifactKey: Guid(c066c821f73cfca4094b8b06fe495945) Importer(815301076,1909f56bfc062723c751e8b465ee728b)
Start importing Assets/Nature_pixel_art_assets/Nature_tiles_01/nature_environment_01_49.asset using Guid(c066c821f73cfca4094b8b06fe495945) Importer(815301076,1909f56bfc062723c751e8b465ee728b)  -> (artifact id: 'db195fe4a48c0a7d28e5057e0f9b4e8e') in 0.009243 seconds 
========================================================================
Received Import Request.
  Time since last request: 0.000194 seconds.
  path: Assets/Nature_pixel_art_assets/Nature_tiles_01/nature_environment_01_52.asset
  artifactKey: Guid(62077ef255209314bbd51a66e43cae49) Importer(815301076,1909f56bfc062723c751e8b465ee728b)
Start importing Assets/Nature_pixel_art_assets/Nature_tiles_01/nature_environment_01_52.asset using Guid(62077ef255209314bbd51a66e43cae49) Importer(815301076,1909f56bfc062723c751e8b465ee728b)  -> (artifact id: '47e9a0a4f7defb2b56514abeaf5f3d41') in 0.019191 seconds 
========================================================================
Received Import Request.
  Time since last request: 0.039436 seconds.
  path: Assets/Nature_pixel_art_assets/Nature_tiles_01/nature_environment_01_53.asset
  artifactKey: Guid(7c75b8ab7aaabf54d9431dab6c7b4c86) Importer(815301076,1909f56bfc062723c751e8b465ee728b)
Start importing Assets/Nature_pixel_art_assets/Nature_tiles_01/nature_environment_01_53.asset using Guid(7c75b8ab7aaabf54d9431dab6c7b4c86) Importer(815301076,1909f56bfc062723c751e8b465ee728b)  -> (artifact id: '4fa65bcdddbd4d645a8c45a6279f525a') in 0.007893 seconds 
========================================================================
Received Import Request.
  Time since last request: 0.000084 seconds.
  path: Assets/Nature_pixel_art_assets/Nature_tiles_01/nature_environment_01_55.asset
  artifactKey: Guid(f2e5947c1730eea41b86ee788040d851) Importer(815301076,1909f56bfc062723c751e8b465ee728b)
Start importing Assets/Nature_pixel_art_assets/Nature_tiles_01/nature_environment_01_55.asset using Guid(f2e5947c1730eea41b86ee788040d851) Importer(815301076,1909f56bfc062723c751e8b465ee728b)  -> (artifact id: 'e4cf0a57053df8d34115078c7c074bf4') in 0.015739 seconds 
========================================================================
Received Import Request.
  Time since last request: 0.146755 seconds.
  path: Assets/Nature_pixel_art_assets/Nature_tiles_01/nature_environment_01_57.asset
  artifactKey: Guid(6d624f23e124ff044b7cd77cbe30a9ea) Importer(815301076,1909f56bfc062723c751e8b465ee728b)
Start importing Assets/Nature_pixel_art_assets/Nature_tiles_01/nature_environment_01_57.asset using Guid(6d624f23e124ff044b7cd77cbe30a9ea) Importer(815301076,1909f56bfc062723c751e8b465ee728b)  -> (artifact id: '90ec0f3351572492aca0fdd8ff9c6ed1') in 0.008280 seconds 
========================================================================
Received Import Request.
  Time since last request: 0.000110 seconds.
  path: Assets/Nature_pixel_art_assets/Nature_tiles_01/nature_environment_01_60.asset
  artifactKey: Guid(0dbe66b83d5b278498715179f8f5a55c) Importer(815301076,1909f56bfc062723c751e8b465ee728b)
Start importing Assets/Nature_pixel_art_assets/Nature_tiles_01/nature_environment_01_60.asset using Guid(0dbe66b83d5b278498715179f8f5a55c) Importer(815301076,1909f56bfc062723c751e8b465ee728b)  -> (artifact id: '49510be4a332d9fcc2bdd38956d5db7e') in 0.018140 seconds 
========================================================================
Received Import Request.
  Time since last request: 0.530091 seconds.
  path: Assets/Nature_pixel_art_assets/Nature_tiles_01/nature_environment_01_61.asset
  artifactKey: Guid(49173cebef9971a4288cf94b06f0d27d) Importer(815301076,1909f56bfc062723c751e8b465ee728b)
Start importing Assets/Nature_pixel_art_assets/Nature_tiles_01/nature_environment_01_61.asset using Guid(49173cebef9971a4288cf94b06f0d27d) Importer(815301076,1909f56bfc062723c751e8b465ee728b)  -> (artifact id: 'ad92919cce144b342163bfd8f5280950') in 0.009602 seconds 
========================================================================
Received Import Request.
  Time since last request: 0.000122 seconds.
  path: Assets/Nature_pixel_art_assets/Nature_tiles_01/nature_environment_01_63.asset
  artifactKey: Guid(cd736c9958b9f87439bfad4ed2cf5036) Importer(815301076,1909f56bfc062723c751e8b465ee728b)
Start importing Assets/Nature_pixel_art_assets/Nature_tiles_01/nature_environment_01_63.asset using Guid(cd736c9958b9f87439bfad4ed2cf5036) Importer(815301076,1909f56bfc062723c751e8b465ee728b)  -> (artifact id: 'ab5f9f391804825a480abd57866bbbec') in 0.016955 seconds 
========================================================================
Received Import Request.
  Time since last request: 0.088424 seconds.
  path: Assets/Nature_pixel_art_assets/Nature_tiles_01/nature_environment_01_65.asset
  artifactKey: Guid(569bb8e460cc74b40be4f02ef69b7d05) Importer(815301076,1909f56bfc062723c751e8b465ee728b)
Start importing Assets/Nature_pixel_art_assets/Nature_tiles_01/nature_environment_01_65.asset using Guid(569bb8e460cc74b40be4f02ef69b7d05) Importer(815301076,1909f56bfc062723c751e8b465ee728b)  -> (artifact id: '4719b9279965b9139582761f1ba38e4f') in 0.010911 seconds 
========================================================================
Received Import Request.
  Time since last request: 0.000107 seconds.
  path: Assets/Nature_pixel_art_assets/Nature_tiles_01/nature_environment_01_68.asset
  artifactKey: Guid(d49c2ba1ccd3a88489a149f9fee52c05) Importer(815301076,1909f56bfc062723c751e8b465ee728b)
Start importing Assets/Nature_pixel_art_assets/Nature_tiles_01/nature_environment_01_68.asset using Guid(d49c2ba1ccd3a88489a149f9fee52c05) Importer(815301076,1909f56bfc062723c751e8b465ee728b)  -> (artifact id: '26f7a6d7c1005203ef58478f935070a1') in 0.010660 seconds 
========================================================================
Received Import Request.
  Time since last request: 0.046024 seconds.
  path: Assets/Nature_pixel_art_assets/Nature_tiles_01/nature_environment_01_69.asset
  artifactKey: Guid(08d4af808d8a163479b9612e39e0d755) Importer(815301076,1909f56bfc062723c751e8b465ee728b)
Start importing Assets/Nature_pixel_art_assets/Nature_tiles_01/nature_environment_01_69.asset using Guid(08d4af808d8a163479b9612e39e0d755) Importer(815301076,1909f56bfc062723c751e8b465ee728b)  -> (artifact id: '4cd228183b74e359c6694ec34c3460b3') in 0.009267 seconds 
========================================================================
Received Import Request.
  Time since last request: 0.000086 seconds.
  path: Assets/Nature_pixel_art_assets/Nature_tiles_01/nature_environment_01_71.asset
  artifactKey: Guid(a5e57bd29316a4c46b428e3e88bbdbf7) Importer(815301076,1909f56bfc062723c751e8b465ee728b)
Start importing Assets/Nature_pixel_art_assets/Nature_tiles_01/nature_environment_01_71.asset using Guid(a5e57bd29316a4c46b428e3e88bbdbf7) Importer(815301076,1909f56bfc062723c751e8b465ee728b)  -> (artifact id: '14b9fda4b170204ae83e6961e7bb8929') in 0.008778 seconds 
========================================================================
Received Import Request.
  Time since last request: 0.149788 seconds.
  path: Assets/Nature_pixel_art_assets/Nature_tiles_01/nature_environment_01_73.asset
  artifactKey: Guid(879e53da5d456be41a5e1bbb6ab6f7b4) Importer(815301076,1909f56bfc062723c751e8b465ee728b)
Start importing Assets/Nature_pixel_art_assets/Nature_tiles_01/nature_environment_01_73.asset using Guid(879e53da5d456be41a5e1bbb6ab6f7b4) Importer(815301076,1909f56bfc062723c751e8b465ee728b)  -> (artifact id: '97f68e299de9f3e7091d7302f304f8c2') in 0.008634 seconds 
========================================================================
Received Import Request.
  Time since last request: 0.000096 seconds.
  path: Assets/Nature_pixel_art_assets/Nature_tiles_01/nature_environment_01_75.asset
  artifactKey: Guid(2dfef20754efe2042b3290043219f413) Importer(815301076,1909f56bfc062723c751e8b465ee728b)
Start importing Assets/Nature_pixel_art_assets/Nature_tiles_01/nature_environment_01_75.asset using Guid(2dfef20754efe2042b3290043219f413) Importer(815301076,1909f56bfc062723c751e8b465ee728b)  -> (artifact id: 'c8dc29c2e95db3fa0cac67219d845364') in 0.014382 seconds 
========================================================================
Received Import Request.
  Time since last request: 2.190547 seconds.
  path: Assets/Nature_pixel_art_assets/palette/Nature_environment_01.prefab
  artifactKey: Guid(325706ee1da856d4f849f2d78592f64c) Importer(815301076,1909f56bfc062723c751e8b465ee728b)
Start importing Assets/Nature_pixel_art_assets/palette/Nature_environment_01.prefab using Guid(325706ee1da856d4f849f2d78592f64c) Importer(815301076,1909f56bfc062723c751e8b465ee728b)  -> (artifact id: '9ee451f63c96e19dd19d43ce66ca8e9b') in 0.771657 seconds 
========================================================================
Received Import Request.
  Time since last request: 5.239925 seconds.
  path: Assets/Nature_pixel_art_assets/Prefabs/Nature_props
  artifactKey: Guid(fc7f587436423e34f83f459645ec809b) Importer(815301076,1909f56bfc062723c751e8b465ee728b)
Start importing Assets/Nature_pixel_art_assets/Prefabs/Nature_props using Guid(fc7f587436423e34f83f459645ec809b) Importer(815301076,1909f56bfc062723c751e8b465ee728b)  -> (artifact id: 'ec0af1d08b4a222e1c709dfe14ea87e5') in 0.001477 seconds 
========================================================================
Received Prepare
Registering precompiled user dll's ...
Registered in 0.002897 seconds.
Begin MonoManager ReloadAssembly
Symbol file LoadedFromMemory doesn't match image /Users/m/Backups/Escape-plan/Library/PackageCache/com.unity.visualscripting@1.7.8/Editor/VisualScripting.Core/Dependencies/YamlDotNet/Unity.VisualScripting.YamlDotNet.dll
Symbol file LoadedFromMemory doesn't match image /Users/m/Backups/Escape-plan/Library/PackageCache/com.unity.visualscripting@1.7.8/Editor/VisualScripting.Core/Dependencies/DotNetZip/Unity.VisualScripting.IonicZip.dll
Native extension for WindowsStandalone target not found
Native extension for AppleTV target not found
Native extension for iOS target not found
Native extension for Android target not found
Native extension for OSXStandalone target not found
Native extension for WebGL target not found
Refreshing native plugins compatible for Editor in 1.10 ms, found 3 plugins.
Preloading 0 native plugins for Editor in 0.00 ms.
Mono: successfully reloaded assembly
- Completed reload, in  1.781 seconds
Domain Reload Profiling:
	ReloadAssembly (1782ms)
		BeginReloadAssembly (183ms)
			ExecutionOrderSort (0ms)
			DisableScriptedObjects (8ms)
			BackupInstance (0ms)
			ReleaseScriptingObjects (0ms)
			CreateAndSetChildDomain (88ms)
		EndReloadAssembly (1464ms)
			LoadAssemblies (84ms)
			RebuildTransferFunctionScriptingTraits (0ms)
			SetupTypeCache (492ms)
			ReleaseScriptCaches (2ms)
			RebuildScriptCaches (92ms)
			SetupLoadedEditorAssemblies (676ms)
				LogAssemblyErrors (0ms)
				InitializePlatformSupportModulesInManaged (50ms)
				SetLoadedEditorAssemblies (1ms)
				RefreshPlugins (1ms)
				BeforeProcessingInitializeOnLoad (88ms)
				ProcessInitializeOnLoadAttributes (483ms)
				ProcessInitializeOnLoadMethodAttributes (51ms)
				AfterProcessingInitializeOnLoad (1ms)
				EditorAssembliesLoaded (0ms)
			ExecutionOrderSort2 (0ms)
			AwakeInstancesAfterBackupRestoration (9ms)
Platform modules already initialized, skipping
Refreshing native plugins compatible for Editor in 2.63 ms, found 3 plugins.
Preloading 0 native plugins for Editor in 0.00 ms.
Unloading 4543 Unused Serialized files (Serialized files now loaded: 0)
Unloading 27 unused Assets / (95.5 KB). Loaded Objects now: 5099.
Memory consumption went from 308.9 MB to 308.8 MB.
Total: 5.242303 ms (FindLiveObjects: 0.500135 ms CreateObjectMapping: 0.439807 ms MarkObjects: 4.247451 ms  DeleteObjects: 0.053925 ms)

AssetImportParameters requested are different than current active one (requested -> active):
  custom:video-decoder-ogg-theora: a1e56fd34408186e4bbccfd4996cb3dc -> 
  custom:container-muxer-webm: aa71ff27fc2769a1b78a27578f13a17b -> 
  custom:container-demuxer-webm: 4f35f7cbe854078d1ac9338744f61a02 -> 
  custom:video-encoder-webm-vp8: eb34c28f22e8b96e1ab97ce403110664 -> 
  custom:framework-osx-AVFoundation: e770b220cccbd017edd2c1fefb359320 -> 
  custom:audio-encoder-webm-vorbis: bf7c407c2cedff20999df2af8eb42d56 -> 
  custom:container-demuxer-ogg: 62fdf1f143b41e24485cea50d1cbac27 -> 
  custom:video-decoder-webm-vp8: 9c59270c3fd7afecdb556c50c9e8de78 -> 
  custom:audio-decoder-ogg-vorbis: bf7c407c2cedff20999df2af8eb42d56 -> 
========================================================================
Received Import Request.
  Time since last request: 187.413947 seconds.
  path: Assets/Prefabs/Big Coin - Variant.prefab
  artifactKey: Guid(ca38c96ff7ed741c5bc07992be65eb10) Importer(815301076,1909f56bfc062723c751e8b465ee728b)
Start importing Assets/Prefabs/Big Coin - Variant.prefab using Guid(ca38c96ff7ed741c5bc07992be65eb10) Importer(815301076,1909f56bfc062723c751e8b465ee728b)  -> (artifact id: 'a14196fabf2eea0d71c95f310c49c7c4') in 0.711084 seconds 
========================================================================
Received Import Request.
  Time since last request: 0.000202 seconds.
  path: Assets/Prefabs/Bullet.prefab
  artifactKey: Guid(548eb1fa738bf4049bbf2542f3e2c9da) Importer(815301076,1909f56bfc062723c751e8b465ee728b)
Start importing Assets/Prefabs/Bullet.prefab using Guid(548eb1fa738bf4049bbf2542f3e2c9da) Importer(815301076,1909f56bfc062723c751e8b465ee728b)  -> (artifact id: 'c16c1b44e13c7ade1e274548ea7b9259') in 0.023221 seconds 
========================================================================
Received Import Request.
  Time since last request: 0.000076 seconds.
  path: Assets/Prefabs/Scene Persist.prefab
  artifactKey: Guid(f0f0a73f7a0f44248a59199bfa36bd79) Importer(815301076,1909f56bfc062723c751e8b465ee728b)
Start importing Assets/Prefabs/Scene Persist.prefab using Guid(f0f0a73f7a0f44248a59199bfa36bd79) Importer(815301076,1909f56bfc062723c751e8b465ee728b)  -> (artifact id: '2e40507a0aaaabb251acd586f557c576') in 0.004383 seconds 
========================================================================
Received Import Request.
  Time since last request: 0.000140 seconds.
  path: Assets/Prefabs/Mega Coin - Variant.prefab
  artifactKey: Guid(1e63f4e13b0c442e18ebaf6abdc9eb7d) Importer(815301076,1909f56bfc062723c751e8b465ee728b)
Start importing Assets/Prefabs/Mega Coin - Variant.prefab using Guid(1e63f4e13b0c442e18ebaf6abdc9eb7d) Importer(815301076,1909f56bfc062723c751e8b465ee728b)  -> (artifact id: 'ac1123433fd1edfa635530af4595e011') in 0.020885 seconds 
========================================================================
Received Import Request.
  Time since last request: 0.000056 seconds.
  path: Assets/Prefabs/Cameras.prefab
  artifactKey: Guid(4af7e4e6acb96407b9276232ba616a12) Importer(815301076,1909f56bfc062723c751e8b465ee728b)
Start importing Assets/Prefabs/Cameras.prefab using Guid(4af7e4e6acb96407b9276232ba616a12) Importer(815301076,1909f56bfc062723c751e8b465ee728b)  -> (artifact id: '983b51fc4efc6128ef925f14ac497f27') in 0.024191 seconds 
========================================================================
Received Import Request.
  Time since last request: 0.000083 seconds.
  path: Assets/Prefabs/Exit.prefab
  artifactKey: Guid(ca463207739374794810bcd420d7b9ad) Importer(815301076,1909f56bfc062723c751e8b465ee728b)
Start importing Assets/Prefabs/Exit.prefab using Guid(ca463207739374794810bcd420d7b9ad) Importer(815301076,1909f56bfc062723c751e8b465ee728b)  -> (artifact id: '4caac014bcf57e39dafc70d8fe989f38') in 0.023424 seconds 
========================================================================
Received Import Request.
  Time since last request: 0.000107 seconds.
  path: Assets/Prefabs/Canvas Mobile.prefab
  artifactKey: Guid(ea95f5e68a9204728978c902a1f6d020) Importer(815301076,1909f56bfc062723c751e8b465ee728b)
Start importing Assets/Prefabs/Canvas Mobile.prefab using Guid(ea95f5e68a9204728978c902a1f6d020) Importer(815301076,1909f56bfc062723c751e8b465ee728b)  -> (artifact id: '641950fb83415f8bfacb024fda286224') in 0.078134 seconds 
========================================================================
Received Import Request.
  Time since last request: 0.000063 seconds.
  path: Assets/Prefabs/Coin.prefab
  artifactKey: Guid(f0804acff23ec424b93ca98aec227a2c) Importer(815301076,1909f56bfc062723c751e8b465ee728b)
Start importing Assets/Prefabs/Coin.prefab using Guid(f0804acff23ec424b93ca98aec227a2c) Importer(815301076,1909f56bfc062723c751e8b465ee728b)  -> (artifact id: '001c63f20b85adf0ea22699b7e292013') in 0.026115 seconds 
========================================================================
Received Import Request.
  Time since last request: 366.847613 seconds.
  path: Assets/Prefabs/Ninja.prefab
  artifactKey: Guid(fb2d5ea4e172f42599d16aec1fda14be) Importer(815301076,1909f56bfc062723c751e8b465ee728b)
Start importing Assets/Prefabs/Ninja.prefab using Guid(fb2d5ea4e172f42599d16aec1fda14be) Importer(815301076,1909f56bfc062723c751e8b465ee728b)  -> (artifact id: '59156ce463349a079d3d8cefeb001da0') in 0.268158 seconds 
========================================================================
Received Import Request.
  Time since last request: 60.545376 seconds.
  path: Assets/Sprites/SPA_Enemy_Right.png
  artifactKey: Guid(e22bbe9059e394b448710cf925a48b14) Importer(815301076,1909f56bfc062723c751e8b465ee728b)
Start importing Assets/Sprites/SPA_Enemy_Right.png using Guid(e22bbe9059e394b448710cf925a48b14) Importer(815301076,1909f56bfc062723c751e8b465ee728b)  -> (artifact id: 'ef44b484720587bd74193a528de18f27') in 0.671521 seconds 
========================================================================
Received Import Request.
  Time since last request: 0.000090 seconds.
  path: Assets/Sprites/SPA_Player_Ginger.png
  artifactKey: Guid(b967a4e6be1a54a9e9e263ee98de91e0) Importer(815301076,1909f56bfc062723c751e8b465ee728b)
Start importing Assets/Sprites/SPA_Player_Ginger.png using Guid(b967a4e6be1a54a9e9e263ee98de91e0) Importer(815301076,1909f56bfc062723c751e8b465ee728b)  -> (artifact id: '4972f149efb2f58fcfdd13f8607d404f') in 0.140203 seconds 
========================================================================
Received Import Request.
  Time since last request: 104.289471 seconds.
  path: Assets/Ninja Files/Run Tutorial.png
  artifactKey: Guid(04b920d158b4feb48a62e9c5108c1d5f) Importer(815301076,1909f56bfc062723c751e8b465ee728b)
Start importing Assets/Ninja Files/Run Tutorial.png using Guid(04b920d158b4feb48a62e9c5108c1d5f) Importer(815301076,1909f56bfc062723c751e8b465ee728b)  -> (artifact id: '22761f2634c65bb021108b44484f8b20') in 0.065322 seconds 
========================================================================
Received Import Request.
  Time since last request: 4.410389 seconds.
  path: Assets/Nature_pixel_art_assets/textures/nature_environment_01.png
  artifactKey: Guid(962e67ff7370f0c4492dca70b64f89e9) Importer(815301076,1909f56bfc062723c751e8b465ee728b)
Start importing Assets/Nature_pixel_art_assets/textures/nature_environment_01.png using Guid(962e67ff7370f0c4492dca70b64f89e9) Importer(815301076,1909f56bfc062723c751e8b465ee728b)  -> (artifact id: 'fe9a2c7ee845e5a18edb2b8957f1ab5a') in 0.493512 seconds 
========================================================================
Received Import Request.
  Time since last request: 125.297523 seconds.
  path: Assets/Ninja Files/Nature_pixel_art_assets/Prefabs/Cameras 1.prefab
  artifactKey: Guid(1877571121f7c4bc4a046cb793f4c1e2) Importer(815301076,1909f56bfc062723c751e8b465ee728b)
Start importing Assets/Ninja Files/Nature_pixel_art_assets/Prefabs/Cameras 1.prefab using Guid(1877571121f7c4bc4a046cb793f4c1e2) Importer(815301076,1909f56bfc062723c751e8b465ee728b)  -> (artifact id: '50fa1f43f83cc96c1fb7918e24f3f1c4') in 0.023962 seconds 
========================================================================
Received Import Request.
  Time since last request: 0.000223 seconds.
  path: Assets/Ninja Files/Nature_pixel_art_assets/Prefabs/Grid Tilemap.prefab
  artifactKey: Guid(6ecb78f7ab99d4b53b7da2e9d2f68938) Importer(815301076,1909f56bfc062723c751e8b465ee728b)
Start importing Assets/Ninja Files/Nature_pixel_art_assets/Prefabs/Grid Tilemap.prefab using Guid(6ecb78f7ab99d4b53b7da2e9d2f68938) Importer(815301076,1909f56bfc062723c751e8b465ee728b)  -> (artifact id: 'a7fe9effcaeb437d23764a3a3dc37754') in 0.304993 seconds 
========================================================================
Received Prepare
Registering precompiled user dll's ...
Registered in 0.003837 seconds.
Begin MonoManager ReloadAssembly
Symbol file LoadedFromMemory doesn't match image /Users/m/Backups/Escape-plan/Library/PackageCache/com.unity.visualscripting@1.7.8/Editor/VisualScripting.Core/Dependencies/YamlDotNet/Unity.VisualScripting.YamlDotNet.dll
Symbol file LoadedFromMemory doesn't match image /Users/m/Backups/Escape-plan/Library/PackageCache/com.unity.visualscripting@1.7.8/Editor/VisualScripting.Core/Dependencies/DotNetZip/Unity.VisualScripting.IonicZip.dll
Native extension for WindowsStandalone target not found
Native extension for AppleTV target not found
Native extension for iOS target not found
Native extension for Android target not found
Native extension for OSXStandalone target not found
Native extension for WebGL target not found
Refreshing native plugins compatible for Editor in 1.67 ms, found 3 plugins.
Preloading 0 native plugins for Editor in 0.00 ms.
Mono: successfully reloaded assembly
- Completed reload, in  2.838 seconds
Domain Reload Profiling:
	ReloadAssembly (2857ms)
		BeginReloadAssembly (599ms)
			ExecutionOrderSort (0ms)
			DisableScriptedObjects (32ms)
			BackupInstance (0ms)
			ReleaseScriptingObjects (0ms)
			CreateAndSetChildDomain (297ms)
		EndReloadAssembly (2045ms)
			LoadAssemblies (318ms)
			RebuildTransferFunctionScriptingTraits (0ms)
			SetupTypeCache (715ms)
			ReleaseScriptCaches (3ms)
			RebuildScriptCaches (122ms)
			SetupLoadedEditorAssemblies (866ms)
				LogAssemblyErrors (0ms)
				InitializePlatformSupportModulesInManaged (82ms)
				SetLoadedEditorAssemblies (2ms)
				RefreshPlugins (2ms)
				BeforeProcessingInitializeOnLoad (103ms)
				ProcessInitializeOnLoadAttributes (598ms)
				ProcessInitializeOnLoadMethodAttributes (77ms)
				AfterProcessingInitializeOnLoad (2ms)
				EditorAssembliesLoaded (1ms)
			ExecutionOrderSort2 (0ms)
			AwakeInstancesAfterBackupRestoration (10ms)
Platform modules already initialized, skipping
Refreshing native plugins compatible for Editor in 2.49 ms, found 3 plugins.
Preloading 0 native plugins for Editor in 0.00 ms.
Unloading 4543 Unused Serialized files (Serialized files now loaded: 0)
Unloading 27 unused Assets / (94.6 KB). Loaded Objects now: 5126.
Memory consumption went from 313.6 MB to 313.5 MB.
Total: 7.242141 ms (FindLiveObjects: 0.653100 ms CreateObjectMapping: 0.611345 ms MarkObjects: 5.883838 ms  DeleteObjects: 0.092579 ms)

AssetImportParameters requested are different than current active one (requested -> active):
  custom:video-decoder-ogg-theora: a1e56fd34408186e4bbccfd4996cb3dc -> 
  custom:container-muxer-webm: aa71ff27fc2769a1b78a27578f13a17b -> 
  custom:container-demuxer-webm: 4f35f7cbe854078d1ac9338744f61a02 -> 
  custom:video-encoder-webm-vp8: eb34c28f22e8b96e1ab97ce403110664 -> 
  custom:framework-osx-AVFoundation: e770b220cccbd017edd2c1fefb359320 -> 
  custom:audio-encoder-webm-vorbis: bf7c407c2cedff20999df2af8eb42d56 -> 
  custom:container-demuxer-ogg: 62fdf1f143b41e24485cea50d1cbac27 -> 
  custom:video-decoder-webm-vp8: 9c59270c3fd7afecdb556c50c9e8de78 -> 
  custom:audio-decoder-ogg-vorbis: bf7c407c2cedff20999df2af8eb42d56 -> 
========================================================================
Received Import Request.
  Time since last request: 855.227881 seconds.
  path: Assets/Tiles/Platforms Tilemap.prefab
  artifactKey: Guid(25fd7b842a12f4783a305724746d5758) Importer(815301076,1909f56bfc062723c751e8b465ee728b)
Start importing Assets/Tiles/Platforms Tilemap.prefab using Guid(25fd7b842a12f4783a305724746d5758) Importer(815301076,1909f56bfc062723c751e8b465ee728b)  -> (artifact id: '769f105f868000cfa8aed281af7de4ce') in 0.761280 seconds 
========================================================================
Received Import Request.
  Time since last request: 4.866381 seconds.
  path: Packages/com.unity.2d.spriteshape/Editor/ObjectMenuCreation/DefaultAssets/Sprite Shapes/Closed Sprite Shape.prefab
  artifactKey: Guid(c0583b4e855c74b8c82e7b9b5efb5ce9) Importer(815301076,1909f56bfc062723c751e8b465ee728b)
Start importing Packages/com.unity.2d.spriteshape/Editor/ObjectMenuCreation/DefaultAssets/Sprite Shapes/Closed Sprite Shape.prefab using Guid(c0583b4e855c74b8c82e7b9b5efb5ce9) Importer(815301076,1909f56bfc062723c751e8b465ee728b)  -> (artifact id: '5f3e55e5dd18f3ccf709e13773a8e2e8') in 0.037733 seconds 
