Unity Editor version:    2021.3.14f1 (eee1884e7226)
Branch:                  2021.3/staging
Build type:              Release
Batch mode:              YES
macOS version:           Version 12.6 (Build 21G115)
Darwin version:          21.6.0
Architecture:            x86_64
Running under Rosetta:   NO
Available memory:        8192 MB
Using pre-set license
Pro License: YES

COMMAND LINE ARGUMENTS:
/Applications/Unity/Hub/Editor/2021.3.14f1/Unity.app/Contents/MacOS/Unity
-adb2
-batchMode
-noUpm
-name
AssetImportWorker1
-projectPath
/Users/m/Backups/Escape-plan
-logFile
Logs/AssetImportWorker1.log
-srvPort
52178
Successfully changed project path to: /Users/m/Backups/Escape-plan
/Users/m/Backups/Escape-plan
[UnityMemory] Configuration Parameters - Can be set up in boot.config
    "memorysetup-bucket-allocator-granularity=16"
    "memorysetup-bucket-allocator-bucket-count=8"
    "memorysetup-bucket-allocator-block-size=33554432"
    "memorysetup-bucket-allocator-block-count=8"
    "memorysetup-main-allocator-block-size=16777216"
    "memorysetup-thread-allocator-block-size=16777216"
    "memorysetup-gfx-main-allocator-block-size=16777216"
    "memorysetup-gfx-thread-allocator-block-size=16777216"
    "memorysetup-cache-allocator-block-size=4194304"
    "memorysetup-typetree-allocator-block-size=2097152"
    "memorysetup-profiler-bucket-allocator-granularity=16"
    "memorysetup-profiler-bucket-allocator-bucket-count=8"
    "memorysetup-profiler-bucket-allocator-block-size=33554432"
    "memorysetup-profiler-bucket-allocator-block-count=8"
    "memorysetup-profiler-allocator-block-size=16777216"
    "memorysetup-profiler-editor-allocator-block-size=1048576"
    "memorysetup-temp-allocator-size-main=16777216"
    "memorysetup-job-temp-allocator-block-size=2097152"
    "memorysetup-job-temp-allocator-block-size-background=1048576"
    "memorysetup-job-temp-allocator-reduction-small-platforms=262144"
    "memorysetup-temp-allocator-size-background-worker=32768"
    "memorysetup-temp-allocator-size-job-worker=262144"
    "memorysetup-temp-allocator-size-preload-manager=33554432"
    "memorysetup-temp-allocator-size-nav-mesh-worker=65536"
    "memorysetup-temp-allocator-size-audio-worker=65536"
    "memorysetup-temp-allocator-size-cloud-worker=32768"
    "memorysetup-temp-allocator-size-gi-baking-worker=262144"
    "memorysetup-temp-allocator-size-gfx=262144"
Refreshing native plugins compatible for Editor in 145.68 ms, found 3 plugins.
Preloading 0 native plugins for Editor in 0.00 ms.
Initialize engine version: 2021.3.14f1 (eee1884e7226)
[Subsystems] Discovering subsystems at path /Applications/Unity/Hub/Editor/2021.3.14f1/Unity.app/Contents/Resources/UnitySubsystems
[Subsystems] Discovering subsystems at path /Users/m/Backups/Escape-plan/Assets
GfxDevice: creating device client; threaded=0; jobified=0
Color LCD preferred device: Intel(R) Iris(TM) Plus Graphics 655 (low power)
Metal devices available: 1
0: Intel(R) Iris(TM) Plus Graphics 655 (low power)
Using device Intel(R) Iris(TM) Plus Graphics 655 (low power)
Initializing Metal device caps: Intel(R) Iris(TM) Plus Graphics 655
Initialize mono
Mono path[0] = '/Applications/Unity/Hub/Editor/2021.3.14f1/Unity.app/Contents/Managed'
Mono path[1] = '/Applications/Unity/Hub/Editor/2021.3.14f1/Unity.app/Contents/MonoBleedingEdge/lib/mono/unityjit-macos'
Mono config path = '/Applications/Unity/Hub/Editor/2021.3.14f1/Unity.app/Contents/MonoBleedingEdge/etc'
Using monoOptions --debugger-agent=transport=dt_socket,embedding=1,server=y,suspend=n,address=127.0.0.1:56993
Begin MonoManager ReloadAssembly
Registering precompiled unity dll's ...
Register platform support module: /Applications/Unity/Hub/Editor/2021.3.14f1/PlaybackEngines/WebGLSupport/UnityEditor.WebGL.Extensions.dll
Register platform support module: /Applications/Unity/Hub/Editor/2021.3.14f1/Unity.app/Contents/PlaybackEngines/MacStandaloneSupport/UnityEditor.OSXStandalone.Extensions.dll
Register platform support module: /Applications/Unity/Hub/Editor/2021.3.14f1/PlaybackEngines/AndroidPlayer/UnityEditor.Android.Extensions.dll
Register platform support module: /Applications/Unity/Hub/Editor/2021.3.14f1/PlaybackEngines/iOSSupport/UnityEditor.iOS.Extensions.dll
Register platform support module: /Applications/Unity/Hub/Editor/2021.3.14f1/PlaybackEngines/AppleTVSupport/UnityEditor.AppleTV.Extensions.dll
Register platform support module: /Applications/Unity/Hub/Editor/2021.3.14f1/PlaybackEngines/WindowsStandaloneSupport/UnityEditor.WindowsStandalone.Extensions.dll
Registered in 0.008195 seconds.
Native extension for WindowsStandalone target not found
[usbmuxd] Start listen thread
[usbmuxd] Listen thread started
[usbmuxd] Send listen message
Native extension for AppleTV target not found
Native extension for iOS target not found
Native extension for Android target not found
Native extension for OSXStandalone target not found
Native extension for WebGL target not found
Refreshing native plugins compatible for Editor in 147.77 ms, found 3 plugins.
Preloading 0 native plugins for Editor in 0.00 ms.
Mono: successfully reloaded assembly
- Completed reload, in  1.074 seconds
Domain Reload Profiling:
	ReloadAssembly (1075ms)
		BeginReloadAssembly (164ms)
			ExecutionOrderSort (0ms)
			DisableScriptedObjects (0ms)
			BackupInstance (0ms)
			ReleaseScriptingObjects (0ms)
			CreateAndSetChildDomain (1ms)
		EndReloadAssembly (757ms)
			LoadAssemblies (171ms)
			RebuildTransferFunctionScriptingTraits (0ms)
			SetupTypeCache (181ms)
			ReleaseScriptCaches (0ms)
			RebuildScriptCaches (45ms)
			SetupLoadedEditorAssemblies (458ms)
				LogAssemblyErrors (0ms)
				InitializePlatformSupportModulesInManaged (124ms)
				SetLoadedEditorAssemblies (0ms)
				RefreshPlugins (148ms)
				BeforeProcessingInitializeOnLoad (1ms)
				ProcessInitializeOnLoadAttributes (125ms)
				ProcessInitializeOnLoadMethodAttributes (59ms)
				AfterProcessingInitializeOnLoad (0ms)
				EditorAssembliesLoaded (0ms)
			ExecutionOrderSort2 (0ms)
			AwakeInstancesAfterBackupRestoration (0ms)
Platform modules already initialized, skipping
Registering precompiled user dll's ...
Registered in 0.018926 seconds.
Begin MonoManager ReloadAssembly
Symbol file LoadedFromMemory doesn't match image /Users/m/Backups/Escape-plan/Library/PackageCache/com.unity.visualscripting@1.7.8/Editor/VisualScripting.Core/Dependencies/YamlDotNet/Unity.VisualScripting.YamlDotNet.dll
Symbol file LoadedFromMemory doesn't match image /Users/m/Backups/Escape-plan/Library/PackageCache/com.unity.visualscripting@1.7.8/Editor/VisualScripting.Core/Dependencies/DotNetZip/Unity.VisualScripting.IonicZip.dll
Native extension for WindowsStandalone target not found
Native extension for AppleTV target not found
Native extension for iOS target not found
Native extension for Android target not found
Native extension for OSXStandalone target not found
Native extension for WebGL target not found
Refreshing native plugins compatible for Editor in 158.28 ms, found 3 plugins.
Preloading 0 native plugins for Editor in 0.00 ms.
Mono: successfully reloaded assembly
- Completed reload, in  2.315 seconds
Domain Reload Profiling:
	ReloadAssembly (2317ms)
		BeginReloadAssembly (276ms)
			ExecutionOrderSort (0ms)
			DisableScriptedObjects (9ms)
			BackupInstance (0ms)
			ReleaseScriptingObjects (0ms)
			CreateAndSetChildDomain (158ms)
		EndReloadAssembly (1851ms)
			LoadAssemblies (170ms)
			RebuildTransferFunctionScriptingTraits (1ms)
			SetupTypeCache (505ms)
			ReleaseScriptCaches (7ms)
			RebuildScriptCaches (106ms)
			SetupLoadedEditorAssemblies (975ms)
				LogAssemblyErrors (0ms)
				InitializePlatformSupportModulesInManaged (49ms)
				SetLoadedEditorAssemblies (0ms)
				RefreshPlugins (158ms)
				BeforeProcessingInitializeOnLoad (144ms)
				ProcessInitializeOnLoadAttributes (555ms)
				ProcessInitializeOnLoadMethodAttributes (66ms)
				AfterProcessingInitializeOnLoad (2ms)
				EditorAssembliesLoaded (0ms)
			ExecutionOrderSort2 (0ms)
			AwakeInstancesAfterBackupRestoration (6ms)
Platform modules already initialized, skipping
========================================================================
Worker process is ready to serve import requests
Launching external process: /Applications/Unity/Hub/Editor/2021.3.14f1/Unity.app/Contents/Tools/UnityShaderCompiler
Launched and connected shader compiler UnityShaderCompiler after 0.08 seconds
Refreshing native plugins compatible for Editor in 0.97 ms, found 3 plugins.
Preloading 0 native plugins for Editor in 0.00 ms.
Unloading 4568 Unused Serialized files (Serialized files now loaded: 0)
Unloading 54 unused Assets / (120.6 KB). Loaded Objects now: 5029.
Memory consumption went from 293.8 MB to 293.7 MB.
Total: 5.646690 ms (FindLiveObjects: 0.611488 ms CreateObjectMapping: 0.520904 ms MarkObjects: 4.272720 ms  DeleteObjects: 0.240429 ms)

AssetImportParameters requested are different than current active one (requested -> active):
  custom:video-decoder-ogg-theora: a1e56fd34408186e4bbccfd4996cb3dc -> 
  custom:container-muxer-webm: aa71ff27fc2769a1b78a27578f13a17b -> 
  custom:container-demuxer-webm: 4f35f7cbe854078d1ac9338744f61a02 -> 
  custom:video-encoder-webm-vp8: eb34c28f22e8b96e1ab97ce403110664 -> 
  custom:framework-osx-AVFoundation: e770b220cccbd017edd2c1fefb359320 -> 
  custom:audio-encoder-webm-vorbis: bf7c407c2cedff20999df2af8eb42d56 -> 
  custom:container-demuxer-ogg: 62fdf1f143b41e24485cea50d1cbac27 -> 
  custom:video-decoder-webm-vp8: 9c59270c3fd7afecdb556c50c9e8de78 -> 
  custom:audio-decoder-ogg-vorbis: bf7c407c2cedff20999df2af8eb42d56 -> 
========================================================================
Received Prepare
Registering precompiled user dll's ...
Registered in 0.002920 seconds.
Begin MonoManager ReloadAssembly
Symbol file LoadedFromMemory doesn't match image /Users/m/Backups/Escape-plan/Library/PackageCache/com.unity.visualscripting@1.7.8/Editor/VisualScripting.Core/Dependencies/YamlDotNet/Unity.VisualScripting.YamlDotNet.dll
Symbol file LoadedFromMemory doesn't match image /Users/m/Backups/Escape-plan/Library/PackageCache/com.unity.visualscripting@1.7.8/Editor/VisualScripting.Core/Dependencies/DotNetZip/Unity.VisualScripting.IonicZip.dll
Native extension for WindowsStandalone target not found
Native extension for AppleTV target not found
Native extension for iOS target not found
Native extension for Android target not found
Native extension for OSXStandalone target not found
Native extension for WebGL target not found
Refreshing native plugins compatible for Editor in 1.56 ms, found 3 plugins.
Preloading 0 native plugins for Editor in 0.00 ms.
Mono: successfully reloaded assembly
- Completed reload, in  1.968 seconds
Domain Reload Profiling:
	ReloadAssembly (1969ms)
		BeginReloadAssembly (185ms)
			ExecutionOrderSort (0ms)
			DisableScriptedObjects (10ms)
			BackupInstance (0ms)
			ReleaseScriptingObjects (0ms)
			CreateAndSetChildDomain (84ms)
		EndReloadAssembly (1641ms)
			LoadAssemblies (91ms)
			RebuildTransferFunctionScriptingTraits (0ms)
			SetupTypeCache (520ms)
			ReleaseScriptCaches (2ms)
			RebuildScriptCaches (103ms)
			SetupLoadedEditorAssemblies (796ms)
				LogAssemblyErrors (0ms)
				InitializePlatformSupportModulesInManaged (57ms)
				SetLoadedEditorAssemblies (1ms)
				RefreshPlugins (2ms)
				BeforeProcessingInitializeOnLoad (103ms)
				ProcessInitializeOnLoadAttributes (555ms)
				ProcessInitializeOnLoadMethodAttributes (77ms)
				AfterProcessingInitializeOnLoad (2ms)
				EditorAssembliesLoaded (0ms)
			ExecutionOrderSort2 (0ms)
			AwakeInstancesAfterBackupRestoration (13ms)
Platform modules already initialized, skipping
Refreshing native plugins compatible for Editor in 3.03 ms, found 3 plugins.
Preloading 0 native plugins for Editor in 0.00 ms.
Unloading 4543 Unused Serialized files (Serialized files now loaded: 0)
Unloading 27 unused Assets / (94.9 KB). Loaded Objects now: 5044.
Memory consumption went from 294.8 MB to 294.7 MB.
Total: 5.532660 ms (FindLiveObjects: 0.542750 ms CreateObjectMapping: 0.379372 ms MarkObjects: 4.511993 ms  DeleteObjects: 0.097283 ms)

AssetImportParameters requested are different than current active one (requested -> active):
  custom:video-decoder-ogg-theora: a1e56fd34408186e4bbccfd4996cb3dc -> 
  custom:container-muxer-webm: aa71ff27fc2769a1b78a27578f13a17b -> 
  custom:container-demuxer-webm: 4f35f7cbe854078d1ac9338744f61a02 -> 
  custom:video-encoder-webm-vp8: eb34c28f22e8b96e1ab97ce403110664 -> 
  custom:framework-osx-AVFoundation: e770b220cccbd017edd2c1fefb359320 -> 
  custom:audio-encoder-webm-vorbis: bf7c407c2cedff20999df2af8eb42d56 -> 
  custom:container-demuxer-ogg: 62fdf1f143b41e24485cea50d1cbac27 -> 
  custom:video-decoder-webm-vp8: 9c59270c3fd7afecdb556c50c9e8de78 -> 
  custom:audio-decoder-ogg-vorbis: bf7c407c2cedff20999df2af8eb42d56 -> 
========================================================================
Received Import Request.
  Time since last request: 627112.160195 seconds.
  path: Assets/Scenes/Nature_assets.unity
  artifactKey: Guid(d38f3b6ddd7390f44b717e1122bb426a) Importer(815301076,1909f56bfc062723c751e8b465ee728b)
Start importing Assets/Scenes/Nature_assets.unity using Guid(d38f3b6ddd7390f44b717e1122bb426a) Importer(815301076,1909f56bfc062723c751e8b465ee728b)  -> (artifact id: '7391dc81eebc0712d8ad5661d0b1cc64') in 0.011515 seconds 
========================================================================
Received Prepare
Registering precompiled user dll's ...
Registered in 0.002708 seconds.
Begin MonoManager ReloadAssembly
Symbol file LoadedFromMemory doesn't match image /Users/m/Backups/Escape-plan/Library/PackageCache/com.unity.visualscripting@1.7.8/Editor/VisualScripting.Core/Dependencies/YamlDotNet/Unity.VisualScripting.YamlDotNet.dll
Symbol file LoadedFromMemory doesn't match image /Users/m/Backups/Escape-plan/Library/PackageCache/com.unity.visualscripting@1.7.8/Editor/VisualScripting.Core/Dependencies/DotNetZip/Unity.VisualScripting.IonicZip.dll
Native extension for WindowsStandalone target not found
Native extension for AppleTV target not found
Native extension for iOS target not found
Native extension for Android target not found
Native extension for OSXStandalone target not found
Native extension for WebGL target not found
Refreshing native plugins compatible for Editor in 1.09 ms, found 3 plugins.
Preloading 0 native plugins for Editor in 0.00 ms.
Mono: successfully reloaded assembly
- Completed reload, in  2.043 seconds
Domain Reload Profiling:
	ReloadAssembly (2045ms)
		BeginReloadAssembly (412ms)
			ExecutionOrderSort (0ms)
			DisableScriptedObjects (24ms)
			BackupInstance (0ms)
			ReleaseScriptingObjects (0ms)
			CreateAndSetChildDomain (229ms)
		EndReloadAssembly (1466ms)
			LoadAssemblies (136ms)
			RebuildTransferFunctionScriptingTraits (0ms)
			SetupTypeCache (511ms)
			ReleaseScriptCaches (2ms)
			RebuildScriptCaches (90ms)
			SetupLoadedEditorAssemblies (668ms)
				LogAssemblyErrors (0ms)
				InitializePlatformSupportModulesInManaged (50ms)
				SetLoadedEditorAssemblies (1ms)
				RefreshPlugins (1ms)
				BeforeProcessingInitializeOnLoad (86ms)
				ProcessInitializeOnLoadAttributes (473ms)
				ProcessInitializeOnLoadMethodAttributes (55ms)
				AfterProcessingInitializeOnLoad (2ms)
				EditorAssembliesLoaded (0ms)
			ExecutionOrderSort2 (0ms)
			AwakeInstancesAfterBackupRestoration (10ms)
Platform modules already initialized, skipping
Refreshing native plugins compatible for Editor in 2.37 ms, found 3 plugins.
Preloading 0 native plugins for Editor in 0.00 ms.
Unloading 4543 Unused Serialized files (Serialized files now loaded: 0)
Unloading 27 unused Assets / (94.8 KB). Loaded Objects now: 5059.
Memory consumption went from 295.1 MB to 295.0 MB.
Total: 5.597864 ms (FindLiveObjects: 0.552976 ms CreateObjectMapping: 0.450198 ms MarkObjects: 4.530105 ms  DeleteObjects: 0.062802 ms)

AssetImportParameters requested are different than current active one (requested -> active):
  custom:video-decoder-ogg-theora: a1e56fd34408186e4bbccfd4996cb3dc -> 
  custom:container-muxer-webm: aa71ff27fc2769a1b78a27578f13a17b -> 
  custom:container-demuxer-webm: 4f35f7cbe854078d1ac9338744f61a02 -> 
  custom:video-encoder-webm-vp8: eb34c28f22e8b96e1ab97ce403110664 -> 
  custom:framework-osx-AVFoundation: e770b220cccbd017edd2c1fefb359320 -> 
  custom:audio-encoder-webm-vorbis: bf7c407c2cedff20999df2af8eb42d56 -> 
  custom:container-demuxer-ogg: 62fdf1f143b41e24485cea50d1cbac27 -> 
  custom:video-decoder-webm-vp8: 9c59270c3fd7afecdb556c50c9e8de78 -> 
  custom:audio-decoder-ogg-vorbis: bf7c407c2cedff20999df2af8eb42d56 -> 
========================================================================
Received Prepare
Registering precompiled user dll's ...
Registered in 0.004056 seconds.
Begin MonoManager ReloadAssembly
Symbol file LoadedFromMemory doesn't match image /Users/m/Backups/Escape-plan/Library/PackageCache/com.unity.visualscripting@1.7.8/Editor/VisualScripting.Core/Dependencies/YamlDotNet/Unity.VisualScripting.YamlDotNet.dll
Symbol file LoadedFromMemory doesn't match image /Users/m/Backups/Escape-plan/Library/PackageCache/com.unity.visualscripting@1.7.8/Editor/VisualScripting.Core/Dependencies/DotNetZip/Unity.VisualScripting.IonicZip.dll
Native extension for WindowsStandalone target not found
Native extension for AppleTV target not found
Native extension for iOS target not found
Native extension for Android target not found
Native extension for OSXStandalone target not found
Native extension for WebGL target not found
Refreshing native plugins compatible for Editor in 1.45 ms, found 3 plugins.
Preloading 0 native plugins for Editor in 0.00 ms.
Mono: successfully reloaded assembly
- Completed reload, in  2.283 seconds
Domain Reload Profiling:
	ReloadAssembly (2287ms)
		BeginReloadAssembly (443ms)
			ExecutionOrderSort (0ms)
			DisableScriptedObjects (31ms)
			BackupInstance (0ms)
			ReleaseScriptingObjects (0ms)
			CreateAndSetChildDomain (225ms)
		EndReloadAssembly (1663ms)
			LoadAssemblies (157ms)
			RebuildTransferFunctionScriptingTraits (0ms)
			SetupTypeCache (600ms)
			ReleaseScriptCaches (3ms)
			RebuildScriptCaches (104ms)
			SetupLoadedEditorAssemblies (733ms)
				LogAssemblyErrors (0ms)
				InitializePlatformSupportModulesInManaged (60ms)
				SetLoadedEditorAssemblies (1ms)
				RefreshPlugins (1ms)
				BeforeProcessingInitializeOnLoad (99ms)
				ProcessInitializeOnLoadAttributes (512ms)
				ProcessInitializeOnLoadMethodAttributes (57ms)
				AfterProcessingInitializeOnLoad (2ms)
				EditorAssembliesLoaded (0ms)
			ExecutionOrderSort2 (0ms)
			AwakeInstancesAfterBackupRestoration (10ms)
Platform modules already initialized, skipping
Refreshing native plugins compatible for Editor in 2.91 ms, found 3 plugins.
Preloading 0 native plugins for Editor in 0.00 ms.
Unloading 4543 Unused Serialized files (Serialized files now loaded: 0)
Unloading 27 unused Assets / (94.6 KB). Loaded Objects now: 5074.
Memory consumption went from 295.4 MB to 295.3 MB.
Total: 6.819132 ms (FindLiveObjects: 0.424754 ms CreateObjectMapping: 0.502641 ms MarkObjects: 5.779440 ms  DeleteObjects: 0.111115 ms)

AssetImportParameters requested are different than current active one (requested -> active):
  custom:video-decoder-ogg-theora: a1e56fd34408186e4bbccfd4996cb3dc -> 
  custom:container-muxer-webm: aa71ff27fc2769a1b78a27578f13a17b -> 
  custom:container-demuxer-webm: 4f35f7cbe854078d1ac9338744f61a02 -> 
  custom:video-encoder-webm-vp8: eb34c28f22e8b96e1ab97ce403110664 -> 
  custom:framework-osx-AVFoundation: e770b220cccbd017edd2c1fefb359320 -> 
  custom:audio-encoder-webm-vorbis: bf7c407c2cedff20999df2af8eb42d56 -> 
  custom:container-demuxer-ogg: 62fdf1f143b41e24485cea50d1cbac27 -> 
  custom:video-decoder-webm-vp8: 9c59270c3fd7afecdb556c50c9e8de78 -> 
  custom:audio-decoder-ogg-vorbis: bf7c407c2cedff20999df2af8eb42d56 -> 
========================================================================
Received Import Request.
  Time since last request: 947.889159 seconds.
  path: Assets/Nature_pixel_art_assets/Nature_tiles_01/nature_environment_01_1.asset
  artifactKey: Guid(f89e0e4d00dd9ff4a82ac37553eb9157) Importer(815301076,1909f56bfc062723c751e8b465ee728b)
Start importing Assets/Nature_pixel_art_assets/Nature_tiles_01/nature_environment_01_1.asset using Guid(f89e0e4d00dd9ff4a82ac37553eb9157) Importer(815301076,1909f56bfc062723c751e8b465ee728b)  -> (artifact id: '70188f23a73cc440c423cee2ff36360f') in 0.294325 seconds 
========================================================================
Received Import Request.
  Time since last request: 0.000099 seconds.
  path: Assets/Nature_pixel_art_assets/Nature_tiles_01/nature_environment_01_4.asset
  artifactKey: Guid(2975d8115b55ff94e9211e41b27df783) Importer(815301076,1909f56bfc062723c751e8b465ee728b)
Start importing Assets/Nature_pixel_art_assets/Nature_tiles_01/nature_environment_01_4.asset using Guid(2975d8115b55ff94e9211e41b27df783) Importer(815301076,1909f56bfc062723c751e8b465ee728b)  -> (artifact id: '58c0d5d30057d65357cb9177c446b46b') in 0.011460 seconds 
========================================================================
Received Import Request.
  Time since last request: 0.000096 seconds.
  path: Assets/Nature_pixel_art_assets/Nature_tiles_01/nature_environment_01_3.asset
  artifactKey: Guid(fb4007b597714824bb4594d5d930448c) Importer(815301076,1909f56bfc062723c751e8b465ee728b)
Start importing Assets/Nature_pixel_art_assets/Nature_tiles_01/nature_environment_01_3.asset using Guid(fb4007b597714824bb4594d5d930448c) Importer(815301076,1909f56bfc062723c751e8b465ee728b)  -> (artifact id: '0b14a06b907c4121806819b4f57072dd') in 0.010467 seconds 
========================================================================
Received Import Request.
  Time since last request: 0.000074 seconds.
  path: Assets/Nature_pixel_art_assets/Nature_tiles_01/nature_environment_01_8.asset
  artifactKey: Guid(1c4046e470f8fe04fb25cbdc443ffb7a) Importer(815301076,1909f56bfc062723c751e8b465ee728b)
Start importing Assets/Nature_pixel_art_assets/Nature_tiles_01/nature_environment_01_8.asset using Guid(1c4046e470f8fe04fb25cbdc443ffb7a) Importer(815301076,1909f56bfc062723c751e8b465ee728b)  -> (artifact id: '8b6304d7237e7ae4a97c2aae511af887') in 0.007856 seconds 
========================================================================
Received Import Request.
  Time since last request: 0.000063 seconds.
  path: Assets/Nature_pixel_art_assets/Nature_tiles_01/nature_environment_01_12.asset
  artifactKey: Guid(cd92046eee408ce4786ccb1434fa72db) Importer(815301076,1909f56bfc062723c751e8b465ee728b)
Start importing Assets/Nature_pixel_art_assets/Nature_tiles_01/nature_environment_01_12.asset using Guid(cd92046eee408ce4786ccb1434fa72db) Importer(815301076,1909f56bfc062723c751e8b465ee728b)  -> (artifact id: '158d40201fe332fe37b250a7228883ae') in 0.010575 seconds 
========================================================================
Received Import Request.
  Time since last request: 0.000080 seconds.
  path: Assets/Nature_pixel_art_assets/Nature_tiles_01/nature_environment_01_9.asset
  artifactKey: Guid(a52b44c5cb2213f46a274bf1b336bf94) Importer(815301076,1909f56bfc062723c751e8b465ee728b)
Start importing Assets/Nature_pixel_art_assets/Nature_tiles_01/nature_environment_01_9.asset using Guid(a52b44c5cb2213f46a274bf1b336bf94) Importer(815301076,1909f56bfc062723c751e8b465ee728b)  -> (artifact id: '33d5bfce4ab9eccbb5553e2afe5405f6') in 0.010086 seconds 
========================================================================
Received Import Request.
  Time since last request: 0.000094 seconds.
  path: Assets/Nature_pixel_art_assets/Nature_tiles_01/nature_environment_01_5.asset
  artifactKey: Guid(1f87f1348aa25d64eb87728054a5a7cb) Importer(815301076,1909f56bfc062723c751e8b465ee728b)
Start importing Assets/Nature_pixel_art_assets/Nature_tiles_01/nature_environment_01_5.asset using Guid(1f87f1348aa25d64eb87728054a5a7cb) Importer(815301076,1909f56bfc062723c751e8b465ee728b)  -> (artifact id: 'b467e38f7542ac1ce5a483a9ae6b2219') in 0.012122 seconds 
========================================================================
Received Import Request.
  Time since last request: 6.954941 seconds.
  path: Assets/Nature_pixel_art_assets/Nature_tiles_01/nature_environment_01_14.asset
  artifactKey: Guid(58bf6fe499c773148835b1317df47e43) Importer(815301076,1909f56bfc062723c751e8b465ee728b)
Start importing Assets/Nature_pixel_art_assets/Nature_tiles_01/nature_environment_01_14.asset using Guid(58bf6fe499c773148835b1317df47e43) Importer(815301076,1909f56bfc062723c751e8b465ee728b)  -> (artifact id: '880d126e2c316fd231045d8b89bb692b') in 0.010216 seconds 
========================================================================
Received Import Request.
  Time since last request: 0.000096 seconds.
  path: Assets/Nature_pixel_art_assets/Nature_tiles_01/nature_environment_01_16.asset
  artifactKey: Guid(9d6d4449ed4cb94409aea661bc42fe1f) Importer(815301076,1909f56bfc062723c751e8b465ee728b)
Start importing Assets/Nature_pixel_art_assets/Nature_tiles_01/nature_environment_01_16.asset using Guid(9d6d4449ed4cb94409aea661bc42fe1f) Importer(815301076,1909f56bfc062723c751e8b465ee728b)  -> (artifact id: '466eb0df473473d83fcc8c42329d7980') in 0.015579 seconds 
========================================================================
Received Import Request.
  Time since last request: 0.145948 seconds.
  path: Assets/Nature_pixel_art_assets/Nature_tiles_01/nature_environment_01_18.asset
  artifactKey: Guid(9250ce762feee7641bc2af386078e025) Importer(815301076,1909f56bfc062723c751e8b465ee728b)
Start importing Assets/Nature_pixel_art_assets/Nature_tiles_01/nature_environment_01_18.asset using Guid(9250ce762feee7641bc2af386078e025) Importer(815301076,1909f56bfc062723c751e8b465ee728b)  -> (artifact id: 'becfadb0326d01e35657d28a508b38d6') in 0.010019 seconds 
========================================================================
Received Import Request.
  Time since last request: 0.000094 seconds.
  path: Assets/Nature_pixel_art_assets/Nature_tiles_01/nature_environment_01_19.asset
  artifactKey: Guid(5cad1f295968b9540a2900c644a2de18) Importer(815301076,1909f56bfc062723c751e8b465ee728b)
Start importing Assets/Nature_pixel_art_assets/Nature_tiles_01/nature_environment_01_19.asset using Guid(5cad1f295968b9540a2900c644a2de18) Importer(815301076,1909f56bfc062723c751e8b465ee728b)  -> (artifact id: '53cbe0bc31cb46af7befeebac78764bc') in 0.021853 seconds 
========================================================================
Received Import Request.
  Time since last request: 0.310270 seconds.
  path: Assets/Nature_pixel_art_assets/Nature_tiles_01/nature_environment_01_22.asset
  artifactKey: Guid(4c2297356eeba364aa3866935a512bba) Importer(815301076,1909f56bfc062723c751e8b465ee728b)
Start importing Assets/Nature_pixel_art_assets/Nature_tiles_01/nature_environment_01_22.asset using Guid(4c2297356eeba364aa3866935a512bba) Importer(815301076,1909f56bfc062723c751e8b465ee728b)  -> (artifact id: 'f3b6b04b8c31a69c5355e96a0daa84fc') in 0.009308 seconds 
========================================================================
Received Import Request.
  Time since last request: 0.000121 seconds.
  path: Assets/Nature_pixel_art_assets/Nature_tiles_01/nature_environment_01_23.asset
  artifactKey: Guid(90daa546f7822124ebece44e698a9db9) Importer(815301076,1909f56bfc062723c751e8b465ee728b)
Start importing Assets/Nature_pixel_art_assets/Nature_tiles_01/nature_environment_01_23.asset using Guid(90daa546f7822124ebece44e698a9db9) Importer(815301076,1909f56bfc062723c751e8b465ee728b)  -> (artifact id: '5dca67bc4ba58238a6a4cfc8aee819ce') in 0.011174 seconds 
========================================================================
Received Import Request.
  Time since last request: 0.951561 seconds.
  path: Assets/Nature_pixel_art_assets/Nature_tiles_01/nature_environment_01_26.asset
  artifactKey: Guid(8537a0d405d0f474791d1cbaf6a6df08) Importer(815301076,1909f56bfc062723c751e8b465ee728b)
Start importing Assets/Nature_pixel_art_assets/Nature_tiles_01/nature_environment_01_26.asset using Guid(8537a0d405d0f474791d1cbaf6a6df08) Importer(815301076,1909f56bfc062723c751e8b465ee728b)  -> (artifact id: '5eadb581d8902bfa5a5a0ea5ed214160') in 0.009112 seconds 
========================================================================
Received Import Request.
  Time since last request: 0.000099 seconds.
  path: Assets/Nature_pixel_art_assets/Nature_tiles_01/nature_environment_01_28.asset
  artifactKey: Guid(6967eb696fdf710419c01d1cecbe402b) Importer(815301076,1909f56bfc062723c751e8b465ee728b)
Start importing Assets/Nature_pixel_art_assets/Nature_tiles_01/nature_environment_01_28.asset using Guid(6967eb696fdf710419c01d1cecbe402b) Importer(815301076,1909f56bfc062723c751e8b465ee728b)  -> (artifact id: '0f0f71b630eabc725c45a97260e26353') in 0.012851 seconds 
========================================================================
Received Import Request.
  Time since last request: 0.336260 seconds.
  path: Assets/Nature_pixel_art_assets/Nature_tiles_01/nature_environment_01_30.asset
  artifactKey: Guid(1df98482c90f16e40a8a843a60acf2d0) Importer(815301076,1909f56bfc062723c751e8b465ee728b)
Start importing Assets/Nature_pixel_art_assets/Nature_tiles_01/nature_environment_01_30.asset using Guid(1df98482c90f16e40a8a843a60acf2d0) Importer(815301076,1909f56bfc062723c751e8b465ee728b)  -> (artifact id: '97977420e2579ad47c3fd8d42266fe90') in 0.009654 seconds 
========================================================================
Received Import Request.
  Time since last request: 0.000088 seconds.
  path: Assets/Nature_pixel_art_assets/Nature_tiles_01/nature_environment_01_32.asset
  artifactKey: Guid(f04b36ab1cd152143a34db0860bd5eb4) Importer(815301076,1909f56bfc062723c751e8b465ee728b)
Start importing Assets/Nature_pixel_art_assets/Nature_tiles_01/nature_environment_01_32.asset using Guid(f04b36ab1cd152143a34db0860bd5eb4) Importer(815301076,1909f56bfc062723c751e8b465ee728b)  -> (artifact id: 'db554ba65d71752f81e74a83afc002f9') in 0.020055 seconds 
========================================================================
Received Import Request.
  Time since last request: 0.146731 seconds.
  path: Assets/Nature_pixel_art_assets/Nature_tiles_01/nature_environment_01_34.asset
  artifactKey: Guid(943edf6edf7062047a1fae5c71364c92) Importer(815301076,1909f56bfc062723c751e8b465ee728b)
Start importing Assets/Nature_pixel_art_assets/Nature_tiles_01/nature_environment_01_34.asset using Guid(943edf6edf7062047a1fae5c71364c92) Importer(815301076,1909f56bfc062723c751e8b465ee728b)  -> (artifact id: '33666e69625f80b750a45d57fc80e4e9') in 0.009140 seconds 
========================================================================
Received Import Request.
  Time since last request: 0.000097 seconds.
  path: Assets/Nature_pixel_art_assets/Nature_tiles_01/nature_environment_01_36.asset
  artifactKey: Guid(1776c3335baafba479b1ab381145e932) Importer(815301076,1909f56bfc062723c751e8b465ee728b)
Start importing Assets/Nature_pixel_art_assets/Nature_tiles_01/nature_environment_01_36.asset using Guid(1776c3335baafba479b1ab381145e932) Importer(815301076,1909f56bfc062723c751e8b465ee728b)  -> (artifact id: '005891d88ef4ea435ebebca86544d7e6') in 0.011371 seconds 
========================================================================
Received Import Request.
  Time since last request: 0.970885 seconds.
  path: Assets/Nature_pixel_art_assets/Nature_tiles_01/nature_environment_01_38.asset
  artifactKey: Guid(96ff7485d27efed49b137a40bbb7216d) Importer(815301076,1909f56bfc062723c751e8b465ee728b)
Start importing Assets/Nature_pixel_art_assets/Nature_tiles_01/nature_environment_01_38.asset using Guid(96ff7485d27efed49b137a40bbb7216d) Importer(815301076,1909f56bfc062723c751e8b465ee728b)  -> (artifact id: '563d6cb8a6bbc6dc9b56df7574043047') in 0.008310 seconds 
========================================================================
Received Import Request.
  Time since last request: 0.000072 seconds.
  path: Assets/Nature_pixel_art_assets/Nature_tiles_01/nature_environment_01_40.asset
  artifactKey: Guid(10b220373ed434a4699d1cd6e79364db) Importer(815301076,1909f56bfc062723c751e8b465ee728b)
Start importing Assets/Nature_pixel_art_assets/Nature_tiles_01/nature_environment_01_40.asset using Guid(10b220373ed434a4699d1cd6e79364db) Importer(815301076,1909f56bfc062723c751e8b465ee728b)  -> (artifact id: '3fef2c11a7deeb96cc73e32d8429520e') in 0.010885 seconds 
========================================================================
Received Import Request.
  Time since last request: 0.143796 seconds.
  path: Assets/Nature_pixel_art_assets/Nature_tiles_01/nature_environment_01_42.asset
  artifactKey: Guid(7edb7b09558aa5546b128e5ac0ebb4fc) Importer(815301076,1909f56bfc062723c751e8b465ee728b)
Start importing Assets/Nature_pixel_art_assets/Nature_tiles_01/nature_environment_01_42.asset using Guid(7edb7b09558aa5546b128e5ac0ebb4fc) Importer(815301076,1909f56bfc062723c751e8b465ee728b)  -> (artifact id: 'c4efa1ed77071c2f6d61fc1a6f726de8') in 0.008141 seconds 
========================================================================
Received Import Request.
  Time since last request: 0.000087 seconds.
  path: Assets/Nature_pixel_art_assets/Nature_tiles_01/nature_environment_01_43.asset
  artifactKey: Guid(a007b63f9d7900648b256cb0401ffd91) Importer(815301076,1909f56bfc062723c751e8b465ee728b)
Start importing Assets/Nature_pixel_art_assets/Nature_tiles_01/nature_environment_01_43.asset using Guid(a007b63f9d7900648b256cb0401ffd91) Importer(815301076,1909f56bfc062723c751e8b465ee728b)  -> (artifact id: '398a0ed702d5b6617de4998af008d818') in 0.018035 seconds 
========================================================================
Received Import Request.
  Time since last request: 0.154637 seconds.
  path: Assets/Nature_pixel_art_assets/Nature_tiles_01/nature_environment_01_46.asset
  artifactKey: Guid(f8bde329e3be4f94999206cb0ccd3d5d) Importer(815301076,1909f56bfc062723c751e8b465ee728b)
Start importing Assets/Nature_pixel_art_assets/Nature_tiles_01/nature_environment_01_46.asset using Guid(f8bde329e3be4f94999206cb0ccd3d5d) Importer(815301076,1909f56bfc062723c751e8b465ee728b)  -> (artifact id: 'df76d343266bf486ea5ef35ee2984ab0') in 0.009467 seconds 
========================================================================
Received Import Request.
  Time since last request: 0.000119 seconds.
  path: Assets/Nature_pixel_art_assets/Nature_tiles_01/nature_environment_01_47.asset
  artifactKey: Guid(9d089f408eb9f7c4e8c1d55f66239dbd) Importer(815301076,1909f56bfc062723c751e8b465ee728b)
Start importing Assets/Nature_pixel_art_assets/Nature_tiles_01/nature_environment_01_47.asset using Guid(9d089f408eb9f7c4e8c1d55f66239dbd) Importer(815301076,1909f56bfc062723c751e8b465ee728b)  -> (artifact id: 'c40d0f3e07e21c8453943c31b924a641') in 0.017394 seconds 
========================================================================
Received Import Request.
  Time since last request: 0.835979 seconds.
  path: Assets/Nature_pixel_art_assets/Nature_tiles_01/nature_environment_01_50.asset
  artifactKey: Guid(2e6a5213fa20e064ba85db2802d863e6) Importer(815301076,1909f56bfc062723c751e8b465ee728b)
Start importing Assets/Nature_pixel_art_assets/Nature_tiles_01/nature_environment_01_50.asset using Guid(2e6a5213fa20e064ba85db2802d863e6) Importer(815301076,1909f56bfc062723c751e8b465ee728b)  -> (artifact id: 'd3d49b7e9f7ac5b5336fc1101d4e44b0') in 0.009127 seconds 
========================================================================
Received Import Request.
  Time since last request: 0.000069 seconds.
  path: Assets/Nature_pixel_art_assets/Nature_tiles_01/nature_environment_01_51.asset
  artifactKey: Guid(13d9a81a886b2214ab5dc4c62dc9605c) Importer(815301076,1909f56bfc062723c751e8b465ee728b)
Start importing Assets/Nature_pixel_art_assets/Nature_tiles_01/nature_environment_01_51.asset using Guid(13d9a81a886b2214ab5dc4c62dc9605c) Importer(815301076,1909f56bfc062723c751e8b465ee728b)  -> (artifact id: 'fe5a7073dca9b56c79251d42880162ab') in 0.016862 seconds 
========================================================================
Received Import Request.
  Time since last request: 0.038906 seconds.
  path: Assets/Nature_pixel_art_assets/Nature_tiles_01/nature_environment_01_54.asset
  artifactKey: Guid(c0c1050b2504e604ab7bede02243e601) Importer(815301076,1909f56bfc062723c751e8b465ee728b)
Start importing Assets/Nature_pixel_art_assets/Nature_tiles_01/nature_environment_01_54.asset using Guid(c0c1050b2504e604ab7bede02243e601) Importer(815301076,1909f56bfc062723c751e8b465ee728b)  -> (artifact id: '3c895663516afea0419e998b04a16b1e') in 0.007553 seconds 
========================================================================
Received Import Request.
  Time since last request: 0.000186 seconds.
  path: Assets/Nature_pixel_art_assets/Nature_tiles_01/nature_environment_01_56.asset
  artifactKey: Guid(1d0dbd4545f2c4340b608dbbe8ed5df6) Importer(815301076,1909f56bfc062723c751e8b465ee728b)
Start importing Assets/Nature_pixel_art_assets/Nature_tiles_01/nature_environment_01_56.asset using Guid(1d0dbd4545f2c4340b608dbbe8ed5df6) Importer(815301076,1909f56bfc062723c751e8b465ee728b)  -> (artifact id: '0bc33414e5fb3001546c05e8babe8f84') in 0.014794 seconds 
========================================================================
Received Import Request.
  Time since last request: 0.147895 seconds.
  path: Assets/Nature_pixel_art_assets/Nature_tiles_01/nature_environment_01_58.asset
  artifactKey: Guid(dda74bf3b6f8975449c615434310cbac) Importer(815301076,1909f56bfc062723c751e8b465ee728b)
Start importing Assets/Nature_pixel_art_assets/Nature_tiles_01/nature_environment_01_58.asset using Guid(dda74bf3b6f8975449c615434310cbac) Importer(815301076,1909f56bfc062723c751e8b465ee728b)  -> (artifact id: 'a126203e9fcda04e37b20df271cb0f16') in 0.008876 seconds 
========================================================================
Received Import Request.
  Time since last request: 0.000089 seconds.
  path: Assets/Nature_pixel_art_assets/Nature_tiles_01/nature_environment_01_59.asset
  artifactKey: Guid(c4b99341b083db343b56e1e25fdc1906) Importer(815301076,1909f56bfc062723c751e8b465ee728b)
Start importing Assets/Nature_pixel_art_assets/Nature_tiles_01/nature_environment_01_59.asset using Guid(c4b99341b083db343b56e1e25fdc1906) Importer(815301076,1909f56bfc062723c751e8b465ee728b)  -> (artifact id: '5978d35f6eb0299f15ed459dedb4578e') in 0.017968 seconds 
========================================================================
Received Import Request.
  Time since last request: 0.528072 seconds.
  path: Assets/Nature_pixel_art_assets/Nature_tiles_01/nature_environment_01_62.asset
  artifactKey: Guid(b2ae07dd078240b498f766dd4460429c) Importer(815301076,1909f56bfc062723c751e8b465ee728b)
Start importing Assets/Nature_pixel_art_assets/Nature_tiles_01/nature_environment_01_62.asset using Guid(b2ae07dd078240b498f766dd4460429c) Importer(815301076,1909f56bfc062723c751e8b465ee728b)  -> (artifact id: '8154b07141274662ce58d19c29da8001') in 0.008503 seconds 
========================================================================
Received Import Request.
  Time since last request: 0.000153 seconds.
  path: Assets/Nature_pixel_art_assets/Nature_tiles_01/nature_environment_01_64.asset
  artifactKey: Guid(d5eed85282f1e6f4e8b614b17187e68d) Importer(815301076,1909f56bfc062723c751e8b465ee728b)
Start importing Assets/Nature_pixel_art_assets/Nature_tiles_01/nature_environment_01_64.asset using Guid(d5eed85282f1e6f4e8b614b17187e68d) Importer(815301076,1909f56bfc062723c751e8b465ee728b)  -> (artifact id: '3a89c0cc19c8474614cefcafb695889d') in 0.015909 seconds 
========================================================================
Received Import Request.
  Time since last request: 0.088935 seconds.
  path: Assets/Nature_pixel_art_assets/Nature_tiles_01/nature_environment_01_66.asset
  artifactKey: Guid(0db84537ade18a64488cf03e16b2ad8f) Importer(815301076,1909f56bfc062723c751e8b465ee728b)
Start importing Assets/Nature_pixel_art_assets/Nature_tiles_01/nature_environment_01_66.asset using Guid(0db84537ade18a64488cf03e16b2ad8f) Importer(815301076,1909f56bfc062723c751e8b465ee728b)  -> (artifact id: 'e5b8ae2baaadeb8985246d88954b802b') in 0.011759 seconds 
========================================================================
Received Import Request.
  Time since last request: 0.000074 seconds.
  path: Assets/Nature_pixel_art_assets/Nature_tiles_01/nature_environment_01_67.asset
  artifactKey: Guid(ae8d3b512dc88954d8524d8073a8e2c8) Importer(815301076,1909f56bfc062723c751e8b465ee728b)
Start importing Assets/Nature_pixel_art_assets/Nature_tiles_01/nature_environment_01_67.asset using Guid(ae8d3b512dc88954d8524d8073a8e2c8) Importer(815301076,1909f56bfc062723c751e8b465ee728b)  -> (artifact id: '942678201b9f383e7758f7b28a76a4e0') in 0.016202 seconds 
========================================================================
Received Import Request.
  Time since last request: 0.042693 seconds.
  path: Assets/Nature_pixel_art_assets/Nature_tiles_01/nature_environment_01_70.asset
  artifactKey: Guid(13a69d7aaa385ca49b6063d10d80170d) Importer(815301076,1909f56bfc062723c751e8b465ee728b)
Start importing Assets/Nature_pixel_art_assets/Nature_tiles_01/nature_environment_01_70.asset using Guid(13a69d7aaa385ca49b6063d10d80170d) Importer(815301076,1909f56bfc062723c751e8b465ee728b)  -> (artifact id: '3aed78e749f2c5ddfb61257c1d14e4ba') in 0.008613 seconds 
========================================================================
Received Import Request.
  Time since last request: 0.000141 seconds.
  path: Assets/Nature_pixel_art_assets/Nature_tiles_01/nature_environment_01_72.asset
  artifactKey: Guid(ce4f37cee463c2f4a80f24c91d9e290a) Importer(815301076,1909f56bfc062723c751e8b465ee728b)
Start importing Assets/Nature_pixel_art_assets/Nature_tiles_01/nature_environment_01_72.asset using Guid(ce4f37cee463c2f4a80f24c91d9e290a) Importer(815301076,1909f56bfc062723c751e8b465ee728b)  -> (artifact id: '8f7e6b3d9d2f4b6d8b84afc3021e559f') in 0.009169 seconds 
========================================================================
Received Import Request.
  Time since last request: 0.149778 seconds.
  path: Assets/Nature_pixel_art_assets/Nature_tiles_01/nature_environment_01_74.asset
  artifactKey: Guid(25ba3dd85655d334192098604410b8da) Importer(815301076,1909f56bfc062723c751e8b465ee728b)
Start importing Assets/Nature_pixel_art_assets/Nature_tiles_01/nature_environment_01_74.asset using Guid(25ba3dd85655d334192098604410b8da) Importer(815301076,1909f56bfc062723c751e8b465ee728b)  -> (artifact id: 'f2497c464f4ec6679cf911529146c45d') in 0.008661 seconds 
========================================================================
Received Import Request.
  Time since last request: 0.000119 seconds.
  path: Assets/Nature_pixel_art_assets/Nature_tiles_01/nature_environment_01_76.asset
  artifactKey: Guid(b78c314f622296c418d299f3a8b66ed2) Importer(815301076,1909f56bfc062723c751e8b465ee728b)
Start importing Assets/Nature_pixel_art_assets/Nature_tiles_01/nature_environment_01_76.asset using Guid(b78c314f622296c418d299f3a8b66ed2) Importer(815301076,1909f56bfc062723c751e8b465ee728b)  -> (artifact id: 'c8e8ac797c21cb0915acafacfdfc8f75') in 0.020090 seconds 
========================================================================
Received Prepare
Registering precompiled user dll's ...
Registered in 0.002924 seconds.
Begin MonoManager ReloadAssembly
Symbol file LoadedFromMemory doesn't match image /Users/m/Backups/Escape-plan/Library/PackageCache/com.unity.visualscripting@1.7.8/Editor/VisualScripting.Core/Dependencies/YamlDotNet/Unity.VisualScripting.YamlDotNet.dll
Symbol file LoadedFromMemory doesn't match image /Users/m/Backups/Escape-plan/Library/PackageCache/com.unity.visualscripting@1.7.8/Editor/VisualScripting.Core/Dependencies/DotNetZip/Unity.VisualScripting.IonicZip.dll
Native extension for WindowsStandalone target not found
Native extension for AppleTV target not found
Native extension for iOS target not found
Native extension for Android target not found
Native extension for OSXStandalone target not found
Native extension for WebGL target not found
Refreshing native plugins compatible for Editor in 1.06 ms, found 3 plugins.
Preloading 0 native plugins for Editor in 0.00 ms.
Mono: successfully reloaded assembly
- Completed reload, in  1.786 seconds
Domain Reload Profiling:
	ReloadAssembly (1787ms)
		BeginReloadAssembly (184ms)
			ExecutionOrderSort (0ms)
			DisableScriptedObjects (8ms)
			BackupInstance (0ms)
			ReleaseScriptingObjects (0ms)
			CreateAndSetChildDomain (90ms)
		EndReloadAssembly (1467ms)
			LoadAssemblies (84ms)
			RebuildTransferFunctionScriptingTraits (0ms)
			SetupTypeCache (490ms)
			ReleaseScriptCaches (2ms)
			RebuildScriptCaches (96ms)
			SetupLoadedEditorAssemblies (677ms)
				LogAssemblyErrors (0ms)
				InitializePlatformSupportModulesInManaged (52ms)
				SetLoadedEditorAssemblies (1ms)
				RefreshPlugins (1ms)
				BeforeProcessingInitializeOnLoad (87ms)
				ProcessInitializeOnLoadAttributes (481ms)
				ProcessInitializeOnLoadMethodAttributes (53ms)
				AfterProcessingInitializeOnLoad (2ms)
				EditorAssembliesLoaded (0ms)
			ExecutionOrderSort2 (0ms)
			AwakeInstancesAfterBackupRestoration (9ms)
Platform modules already initialized, skipping
Refreshing native plugins compatible for Editor in 2.09 ms, found 3 plugins.
Preloading 0 native plugins for Editor in 0.00 ms.
Unloading 4543 Unused Serialized files (Serialized files now loaded: 0)
Unloading 27 unused Assets / (94.6 KB). Loaded Objects now: 5092.
Memory consumption went from 300.2 MB to 300.1 MB.
Total: 5.040917 ms (FindLiveObjects: 0.501746 ms CreateObjectMapping: 0.338599 ms MarkObjects: 4.141098 ms  DeleteObjects: 0.058295 ms)

AssetImportParameters requested are different than current active one (requested -> active):
  custom:video-decoder-ogg-theora: a1e56fd34408186e4bbccfd4996cb3dc -> 
  custom:container-muxer-webm: aa71ff27fc2769a1b78a27578f13a17b -> 
  custom:container-demuxer-webm: 4f35f7cbe854078d1ac9338744f61a02 -> 
  custom:video-encoder-webm-vp8: eb34c28f22e8b96e1ab97ce403110664 -> 
  custom:framework-osx-AVFoundation: e770b220cccbd017edd2c1fefb359320 -> 
  custom:audio-encoder-webm-vorbis: bf7c407c2cedff20999df2af8eb42d56 -> 
  custom:container-demuxer-ogg: 62fdf1f143b41e24485cea50d1cbac27 -> 
  custom:video-decoder-webm-vp8: 9c59270c3fd7afecdb556c50c9e8de78 -> 
  custom:audio-decoder-ogg-vorbis: bf7c407c2cedff20999df2af8eb42d56 -> 
========================================================================
Received Import Request.
  Time since last request: 195.661750 seconds.
  path: Assets/Prefabs/Buba (Enemy).prefab
  artifactKey: Guid(7a162e72732d44c6b832967fd69809c0) Importer(815301076,1909f56bfc062723c751e8b465ee728b)
Start importing Assets/Prefabs/Buba (Enemy).prefab using Guid(7a162e72732d44c6b832967fd69809c0) Importer(815301076,1909f56bfc062723c751e8b465ee728b)  -> (artifact id: '0871ce69cd0fec242b4f6459105d891e') in 0.914979 seconds 
========================================================================
Received Import Request.
  Time since last request: 0.000171 seconds.
  path: Assets/Prefabs/Player.prefab
  artifactKey: Guid(4bb5d9d470765464f90ed9f7198a8ab8) Importer(815301076,1909f56bfc062723c751e8b465ee728b)
Start importing Assets/Prefabs/Player.prefab using Guid(4bb5d9d470765464f90ed9f7198a8ab8) Importer(815301076,1909f56bfc062723c751e8b465ee728b)  -> (artifact id: 'b0aad8dae76a3463d8d2c1b744106f7d') in 0.042946 seconds 
========================================================================
Received Import Request.
  Time since last request: 0.000055 seconds.
  path: Assets/Prefabs/GameSession.prefab
  artifactKey: Guid(e5a008be4ceeb43feb049c07f4402a7c) Importer(815301076,1909f56bfc062723c751e8b465ee728b)
Start importing Assets/Prefabs/GameSession.prefab using Guid(e5a008be4ceeb43feb049c07f4402a7c) Importer(815301076,1909f56bfc062723c751e8b465ee728b)  -> (artifact id: '778f233916f474505e5ab23d1a0c0ec0') in 0.079760 seconds 
========================================================================
Received Import Request.
  Time since last request: 427.720101 seconds.
  path: Assets/Sprites/SPA_Ladder.png
  artifactKey: Guid(0916a803196fd491dbd2d8be22900371) Importer(815301076,1909f56bfc062723c751e8b465ee728b)
Start importing Assets/Sprites/SPA_Ladder.png using Guid(0916a803196fd491dbd2d8be22900371) Importer(815301076,1909f56bfc062723c751e8b465ee728b)  -> (artifact id: '32a3bb7d71859eb72748725a987d088e') in 0.568728 seconds 
========================================================================
Received Import Request.
  Time since last request: 0.000192 seconds.
  path: Assets/Sprites/Spikes.png
  artifactKey: Guid(bf126ca6d09fa470ab1beb2e8def1bec) Importer(815301076,1909f56bfc062723c751e8b465ee728b)
Start importing Assets/Sprites/Spikes.png using Guid(bf126ca6d09fa470ab1beb2e8def1bec) Importer(815301076,1909f56bfc062723c751e8b465ee728b)  -> (artifact id: '175e267a486e15e46034d11a3574f8d3') in 0.020045 seconds 
========================================================================
Received Import Request.
  Time since last request: 0.000086 seconds.
  path: Assets/Sprites/Tile Mushroom.png
  artifactKey: Guid(adc58b54f22a44ab8826796f66aec000) Importer(815301076,1909f56bfc062723c751e8b465ee728b)
Start importing Assets/Sprites/Tile Mushroom.png using Guid(adc58b54f22a44ab8826796f66aec000) Importer(815301076,1909f56bfc062723c751e8b465ee728b)  -> (artifact id: 'f07779f2c4c62bdfada1eb1cfd21c922') in 0.017059 seconds 
========================================================================
Received Import Request.
  Time since last request: 0.000100 seconds.
  path: Assets/Sprites/SPA_Rock_Grass_Water.png
  artifactKey: Guid(cd8b4be3a22344835a8aabf333e7d511) Importer(815301076,1909f56bfc062723c751e8b465ee728b)
Start importing Assets/Sprites/SPA_Rock_Grass_Water.png using Guid(cd8b4be3a22344835a8aabf333e7d511) Importer(815301076,1909f56bfc062723c751e8b465ee728b)  -> (artifact id: '63303557ac042b70a8e80ce35e35b948') in 0.131123 seconds 
========================================================================
Received Import Request.
  Time since last request: 108.770284 seconds.
  path: Assets/Nature_pixel_art_assets/textures/Nature_props_01.png
  artifactKey: Guid(4b00c4fcb1be91245b2dab5149c61c5d) Importer(815301076,1909f56bfc062723c751e8b465ee728b)
Start importing Assets/Nature_pixel_art_assets/textures/Nature_props_01.png using Guid(4b00c4fcb1be91245b2dab5149c61c5d) Importer(815301076,1909f56bfc062723c751e8b465ee728b)  -> (artifact id: 'e6092c4de68a4abf3bee89751d9e6cf0') in 0.183159 seconds 
========================================================================
Received Import Request.
  Time since last request: 125.603988 seconds.
  path: Assets/Ninja Files/Nature_pixel_art_assets/Prefabs/Cameras.prefab
  artifactKey: Guid(4d108315a1497442ebfe779040e0bc40) Importer(815301076,1909f56bfc062723c751e8b465ee728b)
Start importing Assets/Ninja Files/Nature_pixel_art_assets/Prefabs/Cameras.prefab using Guid(4d108315a1497442ebfe779040e0bc40) Importer(815301076,1909f56bfc062723c751e8b465ee728b)  -> (artifact id: '19d748fb799c69b33277be2726ac4ed3') in 0.099926 seconds 
========================================================================
Received Prepare
Registering precompiled user dll's ...
Registered in 0.005963 seconds.
Begin MonoManager ReloadAssembly
Symbol file LoadedFromMemory doesn't match image /Users/m/Backups/Escape-plan/Library/PackageCache/com.unity.visualscripting@1.7.8/Editor/VisualScripting.Core/Dependencies/YamlDotNet/Unity.VisualScripting.YamlDotNet.dll
Symbol file LoadedFromMemory doesn't match image /Users/m/Backups/Escape-plan/Library/PackageCache/com.unity.visualscripting@1.7.8/Editor/VisualScripting.Core/Dependencies/DotNetZip/Unity.VisualScripting.IonicZip.dll
Native extension for WindowsStandalone target not found
Native extension for AppleTV target not found
Native extension for iOS target not found
Native extension for Android target not found
Native extension for OSXStandalone target not found
Native extension for WebGL target not found
Refreshing native plugins compatible for Editor in 1.35 ms, found 3 plugins.
Preloading 0 native plugins for Editor in 0.00 ms.
Mono: successfully reloaded assembly
- Completed reload, in  2.771 seconds
Domain Reload Profiling:
	ReloadAssembly (2773ms)
		BeginReloadAssembly (604ms)
			ExecutionOrderSort (0ms)
			DisableScriptedObjects (35ms)
			BackupInstance (0ms)
			ReleaseScriptingObjects (1ms)
			CreateAndSetChildDomain (283ms)
		EndReloadAssembly (1952ms)
			LoadAssemblies (325ms)
			RebuildTransferFunctionScriptingTraits (0ms)
			SetupTypeCache (704ms)
			ReleaseScriptCaches (3ms)
			RebuildScriptCaches (108ms)
			SetupLoadedEditorAssemblies (823ms)
				LogAssemblyErrors (0ms)
				InitializePlatformSupportModulesInManaged (79ms)
				SetLoadedEditorAssemblies (1ms)
				RefreshPlugins (1ms)
				BeforeProcessingInitializeOnLoad (111ms)
				ProcessInitializeOnLoadAttributes (564ms)
				ProcessInitializeOnLoadMethodAttributes (63ms)
				AfterProcessingInitializeOnLoad (4ms)
				EditorAssembliesLoaded (0ms)
			ExecutionOrderSort2 (0ms)
			AwakeInstancesAfterBackupRestoration (10ms)
Platform modules already initialized, skipping
Refreshing native plugins compatible for Editor in 2.69 ms, found 3 plugins.
Preloading 0 native plugins for Editor in 0.00 ms.
Unloading 4543 Unused Serialized files (Serialized files now loaded: 0)
Unloading 27 unused Assets / (94.8 KB). Loaded Objects now: 5194.
Memory consumption went from 314.0 MB to 313.9 MB.
Total: 6.344029 ms (FindLiveObjects: 0.430272 ms CreateObjectMapping: 0.662634 ms MarkObjects: 5.153418 ms  DeleteObjects: 0.096566 ms)

AssetImportParameters requested are different than current active one (requested -> active):
  custom:video-decoder-ogg-theora: a1e56fd34408186e4bbccfd4996cb3dc -> 
  custom:container-muxer-webm: aa71ff27fc2769a1b78a27578f13a17b -> 
  custom:container-demuxer-webm: 4f35f7cbe854078d1ac9338744f61a02 -> 
  custom:video-encoder-webm-vp8: eb34c28f22e8b96e1ab97ce403110664 -> 
  custom:framework-osx-AVFoundation: e770b220cccbd017edd2c1fefb359320 -> 
  custom:audio-encoder-webm-vorbis: bf7c407c2cedff20999df2af8eb42d56 -> 
  custom:container-demuxer-ogg: 62fdf1f143b41e24485cea50d1cbac27 -> 
  custom:video-decoder-webm-vp8: 9c59270c3fd7afecdb556c50c9e8de78 -> 
  custom:audio-decoder-ogg-vorbis: bf7c407c2cedff20999df2af8eb42d56 -> 
========================================================================
Received Import Request.
  Time since last request: 855.481192 seconds.
  path: Assets/Tiles/Rule Tile.asset
  artifactKey: Guid(e3fcc5b4b45ab4d4c98007155c1c7ae1) Importer(815301076,1909f56bfc062723c751e8b465ee728b)
Start importing Assets/Tiles/Rule Tile.asset using Guid(e3fcc5b4b45ab4d4c98007155c1c7ae1) Importer(815301076,1909f56bfc062723c751e8b465ee728b)  -> (artifact id: '73b19502c061944d1646b977c73393d3') in 0.802385 seconds 
========================================================================
Received Import Request.
  Time since last request: 0.000218 seconds.
  path: Assets/Tiles/TileVania Rule Tile Image.jpeg
  artifactKey: Guid(61467118e48a64c8d96b53f1ddf382ce) Importer(815301076,1909f56bfc062723c751e8b465ee728b)
Start importing Assets/Tiles/TileVania Rule Tile Image.jpeg using Guid(61467118e48a64c8d96b53f1ddf382ce) Importer(815301076,1909f56bfc062723c751e8b465ee728b)  -> (artifact id: '065b1c39bcf07d4459c045f303bd4c0e') in 1.900076 seconds 
========================================================================
Received Import Request.
  Time since last request: 2.972077 seconds.
  path: Packages/com.unity.2d.spriteshape/Editor/ObjectMenuCreation/DefaultAssets/Sprite Shapes/Open Sprite Shape.prefab
  artifactKey: Guid(86ae7de409eb54f619fb1328e4d42480) Importer(815301076,1909f56bfc062723c751e8b465ee728b)
Start importing Packages/com.unity.2d.spriteshape/Editor/ObjectMenuCreation/DefaultAssets/Sprite Shapes/Open Sprite Shape.prefab using Guid(86ae7de409eb54f619fb1328e4d42480) Importer(815301076,1909f56bfc062723c751e8b465ee728b)  -> (artifact id: 'c1eb35dff999f185d6282aa8eb22ded9') in 0.075028 seconds 
